<?xml version="1.0" encoding="UTF-8"?>
<coverage generated="1474120880979" clover="3.2.0">
  <project timestamp="1474120880979" name="All files">
    <metrics statements="440" coveredstatements="328" conditionals="301" coveredconditionals="195" methods="100" coveredmethods="96" elements="841" coveredelements="619" complexity="0" loc="440" ncloc="440" packages="33" files="34" classes="34">
      <package name="path.bounding-box">
        <metrics statements="51" coveredstatements="39" conditionals="28" coveredconditionals="15" methods="4" coveredmethods="3"/>
        <file name="index.js" path="D:\dev\polynomic\src\path\bounding-box\index.js">
          <metrics statements="51" coveredstatements="39" conditionals="28" coveredconditionals="15" methods="4" coveredmethods="3"/>
          <line num="6" count="2" type="stmt"/>
          <line num="7" count="2" type="stmt"/>
          <line num="8" count="2" type="stmt"/>
          <line num="10" count="2" type="stmt"/>
          <line num="11" count="5" type="stmt"/>
          <line num="12" count="5" type="stmt"/>
          <line num="14" count="5" type="stmt"/>
          <line num="15" count="2" type="stmt"/>
          <line num="16" count="2" type="stmt"/>
          <line num="18" count="3" type="stmt"/>
          <line num="20" count="3" type="stmt"/>
          <line num="21" count="3" type="stmt"/>
          <line num="25" count="2" type="stmt"/>
          <line num="26" count="2" type="stmt"/>
          <line num="27" count="2" type="stmt"/>
          <line num="28" count="2" type="stmt"/>
          <line num="30" count="2" type="stmt"/>
          <line num="39" count="3" type="stmt"/>
          <line num="40" count="3" type="stmt"/>
          <line num="41" count="3" type="stmt"/>
          <line num="42" count="3" type="stmt"/>
          <line num="44" count="3" type="stmt"/>
          <line num="45" count="3" type="stmt"/>
          <line num="47" count="3" type="stmt"/>
          <line num="56" count="6" type="stmt"/>
          <line num="57" count="6" type="stmt"/>
          <line num="58" count="6" type="stmt"/>
          <line num="59" count="6" type="stmt"/>
          <line num="61" count="6" type="stmt"/>
          <line num="62" count="6" type="stmt"/>
          <line num="64" count="6" type="stmt"/>
          <line num="65" count="0" type="stmt"/>
          <line num="68" count="6" type="stmt"/>
          <line num="69" count="3" type="stmt"/>
          <line num="72" count="6" type="stmt"/>
          <line num="73" count="6" type="stmt"/>
          <line num="75" count="6" type="stmt"/>
          <line num="76" count="0" type="stmt"/>
          <line num="78" count="0" type="stmt"/>
          <line num="79" count="0" type="stmt"/>
          <line num="82" count="0" type="stmt"/>
          <line num="83" count="0" type="stmt"/>
          <line num="87" count="6" type="stmt"/>
          <line num="89" count="6" type="stmt"/>
          <line num="90" count="0" type="stmt"/>
          <line num="92" count="0" type="stmt"/>
          <line num="93" count="0" type="stmt"/>
          <line num="96" count="0" type="stmt"/>
          <line num="97" count="0" type="stmt"/>
          <line num="102" count="6" type="stmt"/>
          <line num="106" count="0" type="stmt"/>
        </file>
      </package>
      <package name="path.clean">
        <metrics statements="13" coveredstatements="13" conditionals="16" coveredconditionals="16" methods="6" coveredmethods="6"/>
        <file name="index.js" path="D:\dev\polynomic\src\path\clean\index.js">
          <metrics statements="13" coveredstatements="13" conditionals="16" coveredconditionals="16" methods="6" coveredmethods="6"/>
          <line num="20" count="1" type="stmt"/>
          <line num="40" count="1" type="stmt"/>
          <line num="41" count="5" type="stmt"/>
          <line num="42" count="1" type="stmt"/>
          <line num="45" count="5" type="stmt"/>
          <line num="46" count="1" type="stmt"/>
          <line num="49" count="4" type="stmt"/>
          <line num="54" count="5" type="stmt"/>
          <line num="73" count="1" type="stmt"/>
          <line num="75" count="6" type="stmt"/>
          <line num="77" count="6" type="stmt"/>
          <line num="78" count="1" type="stmt"/>
          <line num="81" count="5" type="stmt"/>
        </file>
      </package>
      <package name="path.combine">
        <metrics statements="8" coveredstatements="8" conditionals="12" coveredconditionals="10" methods="2" coveredmethods="2"/>
        <file name="index.js" path="D:\dev\polynomic\src\path\combine\index.js">
          <metrics statements="8" coveredstatements="8" conditionals="12" coveredconditionals="10" methods="2" coveredmethods="2"/>
          <line num="22" count="1" type="stmt"/>
          <line num="24" count="8" type="stmt"/>
          <line num="25" count="1" type="stmt"/>
          <line num="33" count="7" type="stmt"/>
          <line num="34" count="2" type="stmt"/>
          <line num="35" count="1" type="stmt"/>
          <line num="43" count="1" type="stmt"/>
          <line num="46" count="5" type="stmt"/>
        </file>
      </package>
      <package name="path.ensure-move-to">
        <metrics statements="7" coveredstatements="5" conditionals="13" coveredconditionals="8" methods="2" coveredmethods="2"/>
        <file name="index.js" path="D:\dev\polynomic\src\path\ensure-move-to\index.js">
          <metrics statements="7" coveredstatements="5" conditionals="13" coveredconditionals="8" methods="2" coveredmethods="2"/>
          <line num="17" count="4" type="stmt"/>
          <line num="18" count="12" type="stmt"/>
          <line num="19" count="2" type="stmt"/>
          <line num="24" count="10" type="stmt"/>
          <line num="25" count="0" type="stmt"/>
          <line num="27" count="0" type="stmt"/>
          <line num="32" count="10" type="stmt"/>
        </file>
      </package>
      <package name="path.is-equal">
        <metrics statements="9" coveredstatements="7" conditionals="8" coveredconditionals="6" methods="1" coveredmethods="1"/>
        <file name="index.js" path="D:\dev\polynomic\src\path\is-equal\index.js">
          <metrics statements="9" coveredstatements="7" conditionals="8" coveredconditionals="6" methods="1" coveredmethods="1"/>
          <line num="5" count="31" type="stmt"/>
          <line num="6" count="9" type="stmt"/>
          <line num="7" count="22" type="stmt"/>
          <line num="8" count="0" type="stmt"/>
          <line num="11" count="31" type="stmt"/>
          <line num="12" count="30" type="stmt"/>
          <line num="13" count="1" type="stmt"/>
          <line num="14" count="0" type="stmt"/>
          <line num="17" count="31" type="stmt"/>
        </file>
      </package>
      <package name="path.join">
        <metrics statements="5" coveredstatements="5" conditionals="5" coveredconditionals="5" methods="2" coveredmethods="2"/>
        <file name="index.js" path="D:\dev\polynomic\src\path\join\index.js">
          <metrics statements="5" coveredstatements="5" conditionals="5" coveredconditionals="5" methods="2" coveredmethods="2"/>
          <line num="25" count="2" type="stmt"/>
          <line num="27" count="6" type="stmt"/>
          <line num="28" count="3" type="stmt"/>
          <line num="30" count="3" type="stmt"/>
          <line num="37" count="3" type="stmt"/>
        </file>
      </package>
      <package name="path.reverse">
        <metrics statements="25" coveredstatements="25" conditionals="22" coveredconditionals="20" methods="3" coveredmethods="3"/>
        <file name="index.js" path="D:\dev\polynomic\src\path\reverse\index.js">
          <metrics statements="25" coveredstatements="25" conditionals="22" coveredconditionals="20" methods="3" coveredmethods="3"/>
          <line num="6" count="3" type="stmt"/>
          <line num="9" count="3" type="stmt"/>
          <line num="10" count="26" type="stmt"/>
          <line num="11" count="26" type="stmt"/>
          <line num="13" count="26" type="stmt"/>
          <line num="14" count="4" type="stmt"/>
          <line num="17" count="26" type="stmt"/>
          <line num="21" count="26" type="stmt"/>
          <line num="22" count="2" type="stmt"/>
          <line num="23" count="2" type="stmt"/>
          <line num="24" count="2" type="stmt"/>
          <line num="27" count="26" type="stmt"/>
          <line num="28" count="26" type="stmt"/>
          <line num="30" count="26" type="stmt"/>
          <line num="31" count="3" type="stmt"/>
          <line num="34" count="26" type="stmt"/>
          <line num="35" count="2" type="stmt"/>
          <line num="38" count="26" type="stmt"/>
          <line num="39" count="3" type="stmt"/>
          <line num="42" count="26" type="stmt"/>
          <line num="43" count="1" type="stmt"/>
          <line num="46" count="26" type="stmt"/>
          <line num="49" count="3" type="stmt"/>
          <line num="53" count="3" type="stmt"/>
          <line num="63" count="1" type="stmt"/>
        </file>
      </package>
      <package name="path.simplify">
        <metrics statements="13" coveredstatements="13" conditionals="4" coveredconditionals="3" methods="1" coveredmethods="1"/>
        <file name="index.js" path="D:\dev\polynomic\src\path\simplify\index.js">
          <metrics statements="13" coveredstatements="13" conditionals="4" coveredconditionals="3" methods="1" coveredmethods="1"/>
          <line num="4" count="4" type="stmt"/>
          <line num="5" count="4" type="stmt"/>
          <line num="7" count="4" type="stmt"/>
          <line num="8" count="2" type="stmt"/>
          <line num="9" count="2" type="stmt"/>
          <line num="11" count="2" type="stmt"/>
          <line num="12" count="2" type="stmt"/>
          <line num="13" count="2" type="stmt"/>
          <line num="17" count="4" type="stmt"/>
          <line num="18" count="1" type="stmt"/>
          <line num="19" count="1" type="stmt"/>
          <line num="21" count="1" type="stmt"/>
          <line num="27" count="3" type="stmt"/>
        </file>
      </package>
      <package name="path.split">
        <metrics statements="7" coveredstatements="7" conditionals="11" coveredconditionals="10" methods="2" coveredmethods="2"/>
        <file name="index.js" path="D:\dev\polynomic\src\path\split\index.js">
          <metrics statements="7" coveredstatements="7" conditionals="11" coveredconditionals="10" methods="2" coveredmethods="2"/>
          <line num="2" count="1" type="stmt"/>
          <line num="3" count="1" type="stmt"/>
          <line num="6" count="1" type="stmt"/>
          <line num="8" count="11" type="stmt"/>
          <line num="9" count="3" type="stmt"/>
          <line num="15" count="8" type="stmt"/>
          <line num="20" count="8" type="stmt"/>
        </file>
      </package>
      <package name="path.to-cubic">
        <metrics statements="4" coveredstatements="4" conditionals="4" coveredconditionals="3" methods="2" coveredmethods="2"/>
        <file name="index.js" path="D:\dev\polynomic\src\path\to-cubic\index.js">
          <metrics statements="4" coveredstatements="4" conditionals="4" coveredconditionals="3" methods="2" coveredmethods="2"/>
          <line num="4" count="3" type="stmt"/>
          <line num="6" count="8" type="stmt"/>
          <line num="7" count="8" type="stmt"/>
          <line num="9" count="8" type="stmt"/>
        </file>
      </package>
      <package name="pathstring.build">
        <metrics statements="25" coveredstatements="16" conditionals="3" coveredconditionals="3" methods="3" coveredmethods="3"/>
        <file name="index.js" path="D:\dev\polynomic\src\pathstring\build\index.js">
          <metrics statements="25" coveredstatements="16" conditionals="3" coveredconditionals="3" methods="3" coveredmethods="3"/>
          <line num="12" count="3" type="stmt"/>
          <line num="14" count="2" type="stmt"/>
          <line num="18" count="8" type="stmt"/>
          <line num="22" count="2" type="stmt"/>
          <line num="26" count="11" type="stmt"/>
          <line num="30" count="0" type="stmt"/>
          <line num="34" count="0" type="stmt"/>
          <line num="38" count="0" type="stmt"/>
          <line num="42" count="0" type="stmt"/>
          <line num="46" count="0" type="stmt"/>
          <line num="50" count="2" type="stmt"/>
          <line num="54" count="2" type="stmt"/>
          <line num="58" count="0" type="stmt"/>
          <line num="62" count="2" type="stmt"/>
          <line num="66" count="0" type="stmt"/>
          <line num="70" count="2" type="stmt"/>
          <line num="74" count="0" type="stmt"/>
          <line num="78" count="2" type="stmt"/>
          <line num="82" count="0" type="stmt"/>
          <line num="86" count="2" type="stmt"/>
          <line num="90" count="2" type="stmt"/>
          <line num="95" count="88" type="stmt"/>
          <line num="96" count="88" type="stmt"/>
          <line num="109" count="8" type="stmt"/>
          <line num="110" count="37" type="stmt"/>
        </file>
      </package>
      <package name="pathstring.is-valid">
        <metrics statements="5" coveredstatements="5" conditionals="5" coveredconditionals="5" methods="5" coveredmethods="5"/>
        <file name="index.js" path="D:\dev\polynomic\src\pathstring\is-valid\index.js">
          <metrics statements="5" coveredstatements="5" conditionals="5" coveredconditionals="5" methods="5" coveredmethods="5"/>
          <line num="5" count="8" type="stmt"/>
          <line num="11" count="8" type="stmt"/>
          <line num="15" count="6" type="stmt"/>
          <line num="17" count="19" type="stmt"/>
          <line num="23" count="4" type="stmt"/>
        </file>
      </package>
      <package name="pathstring.parse">
        <metrics statements="18" coveredstatements="18" conditionals="10" coveredconditionals="9" methods="5" coveredmethods="5"/>
        <file name="index.js" path="D:\dev\polynomic\src\pathstring\parse\index.js">
          <metrics statements="18" coveredstatements="18" conditionals="10" coveredconditionals="9" methods="5" coveredmethods="5"/>
          <line num="17" count="75" type="stmt"/>
          <line num="34" count="75" type="stmt"/>
          <line num="36" count="309" type="stmt"/>
          <line num="39" count="309" type="stmt"/>
          <line num="40" count="235" type="stmt"/>
          <line num="43" count="309" type="stmt"/>
          <line num="44" count="84" type="stmt"/>
          <line num="47" count="309" type="stmt"/>
          <line num="48" count="286" type="stmt"/>
          <line num="49" count="287" type="stmt"/>
          <line num="51" count="23" type="stmt"/>
          <line num="54" count="309" type="stmt"/>
          <line num="66" count="286" type="stmt"/>
          <line num="68" count="286" type="stmt"/>
          <line num="69" count="287" type="stmt"/>
          <line num="71" count="287" type="stmt"/>
          <line num="72" count="287" type="stmt"/>
          <line num="76" count="286" type="stmt"/>
        </file>
      </package>
      <package name="pathstring.segments">
        <metrics statements="5" coveredstatements="5" conditionals="2" coveredconditionals="2" methods="4" coveredmethods="4"/>
        <file name="index.js" path="D:\dev\polynomic\src\pathstring\segments\index.js">
          <metrics statements="5" coveredstatements="5" conditionals="2" coveredconditionals="2" methods="4" coveredmethods="4"/>
          <line num="7" count="82" type="stmt"/>
          <line num="19" count="3278" type="stmt"/>
          <line num="23" count="1091" type="stmt"/>
          <line num="24" count="1091" type="stmt"/>
          <line num="28" count="338" type="stmt"/>
        </file>
      </package>
      <package name="point.arc-to-cubic">
        <metrics statements="72" coveredstatements="0" conditionals="33" coveredconditionals="0" methods="1" coveredmethods="0"/>
        <file name="index.js" path="D:\dev\polynomic\src\point\arc-to-cubic\index.js">
          <metrics statements="72" coveredstatements="0" conditionals="33" coveredconditionals="0" methods="1" coveredmethods="0"/>
          <line num="6" count="0" type="stmt"/>
          <line num="9" count="0" type="stmt"/>
          <line num="10" count="0" type="stmt"/>
          <line num="11" count="0" type="stmt"/>
          <line num="12" count="0" type="stmt"/>
          <line num="13" count="0" type="stmt"/>
          <line num="14" count="0" type="stmt"/>
          <line num="16" count="0" type="stmt"/>
          <line num="17" count="0" type="stmt"/>
          <line num="19" count="0" type="stmt"/>
          <line num="20" count="0" type="stmt"/>
          <line num="21" count="0" type="stmt"/>
          <line num="22" count="0" type="stmt"/>
          <line num="23" count="0" type="stmt"/>
          <line num="25" count="0" type="stmt"/>
          <line num="26" count="0" type="stmt"/>
          <line num="28" count="0" type="stmt"/>
          <line num="29" count="0" type="stmt"/>
          <line num="30" count="0" type="stmt"/>
          <line num="31" count="0" type="stmt"/>
          <line num="33" count="0" type="stmt"/>
          <line num="34" count="0" type="stmt"/>
          <line num="35" count="0" type="stmt"/>
          <line num="36" count="0" type="stmt"/>
          <line num="38" count="0" type="stmt"/>
          <line num="39" count="0" type="stmt"/>
          <line num="40" count="0" type="stmt"/>
          <line num="42" count="0" type="stmt"/>
          <line num="43" count="0" type="stmt"/>
          <line num="44" count="0" type="stmt"/>
          <line num="45" count="0" type="stmt"/>
          <line num="48" count="0" type="stmt"/>
          <line num="49" count="0" type="stmt"/>
          <line num="51" count="0" type="stmt"/>
          <line num="52" count="0" type="stmt"/>
          <line num="54" count="0" type="stmt"/>
          <line num="55" count="0" type="stmt"/>
          <line num="57" count="0" type="stmt"/>
          <line num="58" count="0" type="stmt"/>
          <line num="60" count="0" type="stmt"/>
          <line num="61" count="0" type="stmt"/>
          <line num="64" count="0" type="stmt"/>
          <line num="65" count="0" type="stmt"/>
          <line num="68" count="0" type="stmt"/>
          <line num="69" count="0" type="stmt"/>
          <line num="72" count="0" type="stmt"/>
          <line num="73" count="0" type="stmt"/>
          <line num="76" count="0" type="stmt"/>
          <line num="77" count="0" type="stmt"/>
          <line num="80" count="0" type="stmt"/>
          <line num="81" count="0" type="stmt"/>
          <line num="85" count="0" type="stmt"/>
          <line num="86" count="0" type="stmt"/>
          <line num="87" count="0" type="stmt"/>
          <line num="89" count="0" type="stmt"/>
          <line num="90" count="0" type="stmt"/>
          <line num="91" count="0" type="stmt"/>
          <line num="93" count="0" type="stmt"/>
          <line num="95" count="0" type="stmt"/>
          <line num="98" count="0" type="stmt"/>
          <line num="99" count="0" type="stmt"/>
          <line num="100" count="0" type="stmt"/>
          <line num="102" count="0" type="stmt"/>
          <line num="103" count="0" type="stmt"/>
          <line num="104" count="0" type="stmt"/>
          <line num="105" count="0" type="stmt"/>
          <line num="107" count="0" type="stmt"/>
          <line num="108" count="0" type="stmt"/>
          <line num="110" count="0" type="stmt"/>
          <line num="114" count="0" type="stmt"/>
          <line num="115" count="0" type="stmt"/>
          <line num="118" count="0" type="stmt"/>
        </file>
      </package>
      <package name="point.distance">
        <metrics statements="1" coveredstatements="1" conditionals="0" coveredconditionals="0" methods="1" coveredmethods="1"/>
        <file name="index.js" path="D:\dev\polynomic\src\point\distance\index.js">
          <metrics statements="1" coveredstatements="1" conditionals="0" coveredconditionals="0" methods="1" coveredmethods="1"/>
          <line num="4" count="1" type="stmt"/>
        </file>
      </package>
      <package name="point.distance-segment">
        <metrics statements="7" coveredstatements="6" conditionals="2" coveredconditionals="1" methods="2" coveredmethods="2"/>
        <file name="index.js" path="D:\dev\polynomic\src\point\distance-segment\index.js">
          <metrics statements="7" coveredstatements="6" conditionals="2" coveredconditionals="1" methods="2" coveredmethods="2"/>
          <line num="5" count="3" type="stmt"/>
          <line num="9" count="3" type="stmt"/>
          <line num="11" count="3" type="stmt"/>
          <line num="12" count="0" type="stmt"/>
          <line num="15" count="3" type="stmt"/>
          <line num="16" count="3" type="stmt"/>
          <line num="18" count="3" type="stmt"/>
        </file>
      </package>
      <package name="point.is">
        <metrics statements="11" coveredstatements="11" conditionals="0" coveredconditionals="0" methods="11" coveredmethods="11"/>
        <file name="index.js" path="D:\dev\polynomic\src\point\is\index.js">
          <metrics statements="11" coveredstatements="11" conditionals="0" coveredconditionals="0" methods="11" coveredmethods="11"/>
          <line num="4" count="623" type="stmt"/>
          <line num="8" count="283" type="stmt"/>
          <line num="12" count="13" type="stmt"/>
          <line num="16" count="49" type="stmt"/>
          <line num="20" count="48" type="stmt"/>
          <line num="24" count="13" type="stmt"/>
          <line num="28" count="31" type="stmt"/>
          <line num="32" count="34" type="stmt"/>
          <line num="36" count="52" type="stmt"/>
          <line num="40" count="29" type="stmt"/>
          <line num="44" count="71" type="stmt"/>
        </file>
      </package>
      <package name="point.is-inside">
        <metrics statements="11" coveredstatements="11" conditionals="4" coveredconditionals="4" methods="1" coveredmethods="1"/>
        <file name="index.js" path="D:\dev\polynomic\src\point\is-inside\index.js">
          <metrics statements="11" coveredstatements="11" conditionals="4" coveredconditionals="4" methods="1" coveredmethods="1"/>
          <line num="2" count="2" type="stmt"/>
          <line num="4" count="2" type="stmt"/>
          <line num="5" count="8" type="stmt"/>
          <line num="6" count="8" type="stmt"/>
          <line num="7" count="8" type="stmt"/>
          <line num="8" count="8" type="stmt"/>
          <line num="9" count="8" type="stmt"/>
          <line num="11" count="8" type="stmt"/>
          <line num="12" count="1" type="stmt"/>
          <line num="15" count="8" type="stmt"/>
          <line num="18" count="2" type="stmt"/>
        </file>
      </package>
      <package name="point.is-relative">
        <metrics statements="1" coveredstatements="1" conditionals="0" coveredconditionals="0" methods="1" coveredmethods="1"/>
        <file name="index.js" path="D:\dev\polynomic\src\point\is-relative\index.js">
          <metrics statements="1" coveredstatements="1" conditionals="0" coveredconditionals="0" methods="1" coveredmethods="1"/>
          <line num="2" count="16" type="stmt"/>
        </file>
      </package>
      <package name="point.line-to-cubic">
        <metrics statements="1" coveredstatements="1" conditionals="2" coveredconditionals="1" methods="1" coveredmethods="1"/>
        <file name="index.js" path="D:\dev\polynomic\src\point\line-to-cubic\index.js">
          <metrics statements="1" coveredstatements="1" conditionals="2" coveredconditionals="1" methods="1" coveredmethods="1"/>
          <line num="5" count="5" type="stmt"/>
        </file>
      </package>
      <package name="point.min-max">
        <metrics statements="2" coveredstatements="2" conditionals="0" coveredconditionals="0" methods="2" coveredmethods="2"/>
        <file name="index.js" path="D:\dev\polynomic\src\point\min-max\index.js">
          <metrics statements="2" coveredstatements="2" conditionals="0" coveredconditionals="0" methods="2" coveredmethods="2"/>
          <line num="4" count="1" type="stmt"/>
          <line num="8" count="1" type="stmt"/>
        </file>
      </package>
      <package name="point.points">
        <metrics statements="54" coveredstatements="53" conditionals="32" coveredconditionals="15" methods="21" coveredmethods="20"/>
        <file name="index.js" path="D:\dev\polynomic\src\point\points\index.js">
          <metrics statements="34" coveredstatements="33" conditionals="32" coveredconditionals="15" methods="21" coveredmethods="20"/>
          <line num="5" count="470" type="stmt"/>
          <line num="13" count="22" type="stmt"/>
          <line num="16" count="10" type="stmt"/>
          <line num="20" count="98" type="stmt"/>
          <line num="24" count="24" type="stmt"/>
          <line num="28" count="96" type="stmt"/>
          <line num="32" count="10" type="stmt"/>
          <line num="36" count="6" type="stmt"/>
          <line num="40" count="10" type="stmt"/>
          <line num="44" count="6" type="stmt"/>
          <line num="48" count="0" type="stmt"/>
          <line num="55" count="27" type="stmt"/>
          <line num="62" count="6" type="stmt"/>
          <line num="67" count="6" type="stmt"/>
          <line num="68" count="6" type="stmt"/>
          <line num="74" count="6" type="stmt"/>
          <line num="78" count="3" type="stmt"/>
          <line num="83" count="3" type="stmt"/>
          <line num="84" count="2" type="stmt"/>
          <line num="90" count="3" type="stmt"/>
          <line num="94" count="4" type="stmt"/>
          <line num="103" count="14" type="stmt"/>
          <line num="112" count="6" type="stmt"/>
          <line num="119" count="6" type="stmt"/>
          <line num="120" count="6" type="stmt"/>
          <line num="127" count="6" type="stmt"/>
          <line num="131" count="2" type="stmt"/>
          <line num="138" count="2" type="stmt"/>
          <line num="139" count="1" type="stmt"/>
          <line num="146" count="2" type="stmt"/>
          <line num="150" count="4" type="stmt"/>
          <line num="160" count="2" type="stmt"/>
          <line num="170" count="28" type="stmt"/>
          <line num="174" count="4" type="stmt"/>
        </file>
        <file name="types.js" path="D:\dev\polynomic\src\point\points\types.js">
          <metrics statements="20" coveredstatements="20" conditionals="0" coveredconditionals="0" methods="0" coveredmethods="0"/>
          <line num="1" count="22" type="stmt"/>
          <line num="2" count="22" type="stmt"/>
          <line num="3" count="22" type="stmt"/>
          <line num="4" count="22" type="stmt"/>
          <line num="5" count="22" type="stmt"/>
          <line num="6" count="22" type="stmt"/>
          <line num="7" count="22" type="stmt"/>
          <line num="8" count="22" type="stmt"/>
          <line num="9" count="22" type="stmt"/>
          <line num="10" count="22" type="stmt"/>
          <line num="11" count="22" type="stmt"/>
          <line num="12" count="22" type="stmt"/>
          <line num="13" count="22" type="stmt"/>
          <line num="14" count="22" type="stmt"/>
          <line num="15" count="22" type="stmt"/>
          <line num="16" count="22" type="stmt"/>
          <line num="17" count="22" type="stmt"/>
          <line num="18" count="22" type="stmt"/>
          <line num="19" count="22" type="stmt"/>
          <line num="20" count="22" type="stmt"/>
        </file>
      </package>
      <package name="point.quadratic-to-cubic">
        <metrics statements="5" coveredstatements="0" conditionals="2" coveredconditionals="0" methods="1" coveredmethods="0"/>
        <file name="index.js" path="D:\dev\polynomic\src\point\quadratic-to-cubic\index.js">
          <metrics statements="5" coveredstatements="0" conditionals="2" coveredconditionals="0" methods="1" coveredmethods="0"/>
          <line num="5" count="0" type="stmt"/>
          <line num="6" count="0" type="stmt"/>
          <line num="7" count="0" type="stmt"/>
          <line num="8" count="0" type="stmt"/>
          <line num="10" count="0" type="stmt"/>
        </file>
      </package>
      <package name="point.square-distance">
        <metrics statements="1" coveredstatements="1" conditionals="0" coveredconditionals="0" methods="1" coveredmethods="1"/>
        <file name="index.js" path="D:\dev\polynomic\src\point\square-distance\index.js">
          <metrics statements="1" coveredstatements="1" conditionals="0" coveredconditionals="0" methods="1" coveredmethods="1"/>
          <line num="2" count="7" type="stmt"/>
        </file>
      </package>
      <package name="point.to-cubic">
        <metrics statements="7" coveredstatements="5" conditionals="11" coveredconditionals="9" methods="1" coveredmethods="1"/>
        <file name="index.js" path="D:\dev\polynomic\src\point\to-cubic\index.js">
          <metrics statements="7" coveredstatements="5" conditionals="11" coveredconditionals="9" methods="1" coveredmethods="1"/>
          <line num="7" count="8" type="stmt"/>
          <line num="8" count="5" type="stmt"/>
          <line num="11" count="3" type="stmt"/>
          <line num="12" count="0" type="stmt"/>
          <line num="15" count="3" type="stmt"/>
          <line num="16" count="0" type="stmt"/>
          <line num="19" count="3" type="stmt"/>
        </file>
      </package>
      <package name="transforms.matrix">
        <metrics statements="33" coveredstatements="31" conditionals="38" coveredconditionals="25" methods="3" coveredmethods="3"/>
        <file name="index.js" path="D:\dev\polynomic\src\transforms\matrix\index.js">
          <metrics statements="33" coveredstatements="31" conditionals="38" coveredconditionals="25" methods="3" coveredmethods="3"/>
          <line num="6" count="16" type="stmt"/>
          <line num="8" count="16" type="stmt"/>
          <line num="9" count="43" type="stmt"/>
          <line num="11" count="43" type="stmt"/>
          <line num="12" count="43" type="stmt"/>
          <line num="13" count="43" type="stmt"/>
          <line num="14" count="43" type="stmt"/>
          <line num="15" count="43" type="stmt"/>
          <line num="16" count="43" type="stmt"/>
          <line num="19" count="43" type="stmt"/>
          <line num="22" count="43" type="stmt"/>
          <line num="24" count="43" type="stmt"/>
          <line num="28" count="0" type="stmt"/>
          <line num="34" count="43" type="stmt"/>
          <line num="35" count="7" type="stmt"/>
          <line num="38" count="43" type="stmt"/>
          <line num="39" count="0" type="stmt"/>
          <line num="42" count="43" type="stmt"/>
          <line num="52" count="43" type="stmt"/>
          <line num="54" count="43" type="stmt"/>
          <line num="59" count="50" type="stmt"/>
          <line num="60" count="50" type="stmt"/>
          <line num="61" count="50" type="stmt"/>
          <line num="62" count="50" type="stmt"/>
          <line num="63" count="50" type="stmt"/>
          <line num="64" count="50" type="stmt"/>
          <line num="65" count="50" type="stmt"/>
          <line num="66" count="50" type="stmt"/>
          <line num="67" count="50" type="stmt"/>
          <line num="68" count="50" type="stmt"/>
          <line num="69" count="50" type="stmt"/>
          <line num="70" count="50" type="stmt"/>
          <line num="72" count="50" type="stmt"/>
        </file>
      </package>
      <package name="transforms.matrix-origin">
        <metrics statements="7" coveredstatements="7" conditionals="6" coveredconditionals="4" methods="1" coveredmethods="1"/>
        <file name="index.js" path="D:\dev\polynomic\src\transforms\matrix-origin\index.js">
          <metrics statements="7" coveredstatements="7" conditionals="6" coveredconditionals="4" methods="1" coveredmethods="1"/>
          <line num="6" count="9" type="stmt"/>
          <line num="8" count="9" type="stmt"/>
          <line num="9" count="1" type="stmt"/>
          <line num="10" count="1" type="stmt"/>
          <line num="11" count="1" type="stmt"/>
          <line num="13" count="8" type="stmt"/>
          <line num="16" count="9" type="stmt"/>
        </file>
      </package>
      <package name="transforms.rotate">
        <metrics statements="3" coveredstatements="3" conditionals="4" coveredconditionals="4" methods="1" coveredmethods="1"/>
        <file name="index.js" path="D:\dev\polynomic\src\transforms\rotate\index.js">
          <metrics statements="3" coveredstatements="3" conditionals="4" coveredconditionals="4" methods="1" coveredmethods="1"/>
          <line num="5" count="3" type="stmt"/>
          <line num="6" count="1" type="stmt"/>
          <line num="9" count="3" type="stmt"/>
        </file>
      </package>
      <package name="transforms.scale">
        <metrics statements="3" coveredstatements="2" conditionals="4" coveredconditionals="3" methods="1" coveredmethods="1"/>
        <file name="index.js" path="D:\dev\polynomic\src\transforms\scale\index.js">
          <metrics statements="3" coveredstatements="2" conditionals="4" coveredconditionals="3" methods="1" coveredmethods="1"/>
          <line num="5" count="3" type="stmt"/>
          <line num="6" count="0" type="stmt"/>
          <line num="9" count="3" type="stmt"/>
        </file>
      </package>
      <package name="transforms.skew">
        <metrics statements="7" coveredstatements="4" conditionals="8" coveredconditionals="5" methods="1" coveredmethods="1"/>
        <file name="index.js" path="D:\dev\polynomic\src\transforms\skew\index.js">
          <metrics statements="7" coveredstatements="4" conditionals="8" coveredconditionals="5" methods="1" coveredmethods="1"/>
          <line num="5" count="3" type="stmt"/>
          <line num="6" count="0" type="stmt"/>
          <line num="9" count="3" type="stmt"/>
          <line num="10" count="0" type="stmt"/>
          <line num="13" count="3" type="stmt"/>
          <line num="14" count="0" type="stmt"/>
          <line num="17" count="3" type="stmt"/>
        </file>
      </package>
      <package name="transforms.translate">
        <metrics statements="2" coveredstatements="2" conditionals="0" coveredconditionals="0" methods="1" coveredmethods="1"/>
        <file name="index.js" path="D:\dev\polynomic\src\transforms\translate\index.js">
          <metrics statements="2" coveredstatements="2" conditionals="0" coveredconditionals="0" methods="1" coveredmethods="1"/>
          <line num="5" count="6" type="stmt"/>
          <line num="7" count="6" type="stmt"/>
        </file>
      </package>
      <package name="utils">
        <metrics statements="17" coveredstatements="17" conditionals="12" coveredconditionals="9" methods="6" coveredmethods="6"/>
        <file name="index.js" path="D:\dev\polynomic\src\utils\index.js">
          <metrics statements="17" coveredstatements="17" conditionals="12" coveredconditionals="9" methods="6" coveredmethods="6"/>
          <line num="4" count="5" type="stmt"/>
          <line num="13" count="2" type="stmt"/>
          <line num="14" count="2" type="stmt"/>
          <line num="16" count="2" type="stmt"/>
          <line num="20" count="1" type="stmt"/>
          <line num="21" count="1" type="stmt"/>
          <line num="23" count="1" type="stmt"/>
          <line num="27" count="3" type="stmt"/>
          <line num="31" count="15" type="stmt"/>
          <line num="32" count="2" type="stmt"/>
          <line num="34" count="2" type="stmt"/>
          <line num="35" count="2" type="stmt"/>
          <line num="38" count="2" type="stmt"/>
          <line num="39" count="1" type="stmt"/>
          <line num="43" count="15" type="stmt"/>
          <line num="47" count="1" type="stmt"/>
          <line num="51" count="1" type="stmt"/>
        </file>
      </package>
    </metrics>
  </project>
</coverage>
