{"D:\dev\polynomic\src\path\bounding-box\index.js": {"path":"D:\\dev\\polynomic\\src\\path\\bounding-box\\index.js","statementMap":{"0":{"start":{"line":6,"column":15},"end":{"line":6,"column":31}},"1":{"start":{"line":7,"column":12},"end":{"line":7,"column":14}},"2":{"start":{"line":8,"column":12},"end":{"line":8,"column":14}},"3":{"start":{"line":10,"column":2},"end":{"line":23,"column":3}},"4":{"start":{"line":11,"column":18},"end":{"line":11,"column":25}},"5":{"start":{"line":12,"column":17},"end":{"line":12,"column":37}},"6":{"start":{"line":14,"column":4},"end":{"line":22,"column":5}},"7":{"start":{"line":15,"column":6},"end":{"line":15,"column":21}},"8":{"start":{"line":16,"column":6},"end":{"line":16,"column":21}},"9":{"start":{"line":18,"column":41},"end":{"line":18,"column":70}},"10":{"start":{"line":20,"column":6},"end":{"line":20,"column":24}},"11":{"start":{"line":21,"column":6},"end":{"line":21,"column":24}},"12":{"start":{"line":25,"column":15},"end":{"line":25,"column":29}},"13":{"start":{"line":26,"column":15},"end":{"line":26,"column":29}},"14":{"start":{"line":27,"column":15},"end":{"line":27,"column":29}},"15":{"start":{"line":28,"column":15},"end":{"line":28,"column":29}},"16":{"start":{"line":30,"column":2},"end":{"line":35,"column":3}},"17":{"start":{"line":39,"column":13},"end":{"line":39,"column":40}},"18":{"start":{"line":40,"column":13},"end":{"line":40,"column":66}},"19":{"start":{"line":41,"column":13},"end":{"line":41,"column":66}},"20":{"start":{"line":42,"column":13},"end":{"line":42,"column":42}},"21":{"start":{"line":44,"column":12},"end":{"line":44,"column":45}},"22":{"start":{"line":45,"column":12},"end":{"line":45,"column":45}},"23":{"start":{"line":47,"column":2},"end":{"line":52,"column":3}},"24":{"start":{"line":56,"column":12},"end":{"line":56,"column":57}},"25":{"start":{"line":57,"column":12},"end":{"line":57,"column":45}},"26":{"start":{"line":58,"column":12},"end":{"line":58,"column":31}},"27":{"start":{"line":59,"column":12},"end":{"line":59,"column":34}},"28":{"start":{"line":61,"column":12},"end":{"line":61,"column":14}},"29":{"start":{"line":62,"column":12},"end":{"line":62,"column":14}},"30":{"start":{"line":64,"column":2},"end":{"line":66,"column":3}},"31":{"start":{"line":65,"column":4},"end":{"line":65,"column":12}},"32":{"start":{"line":68,"column":2},"end":{"line":70,"column":3}},"33":{"start":{"line":69,"column":4},"end":{"line":69,"column":12}},"34":{"start":{"line":72,"column":2},"end":{"line":100,"column":3}},"35":{"start":{"line":73,"column":15},"end":{"line":73,"column":44}},"36":{"start":{"line":75,"column":4},"end":{"line":85,"column":5}},"37":{"start":{"line":76,"column":16},"end":{"line":76,"column":41}},"38":{"start":{"line":78,"column":6},"end":{"line":80,"column":7}},"39":{"start":{"line":79,"column":8},"end":{"line":79,"column":15}},"40":{"start":{"line":82,"column":6},"end":{"line":84,"column":7}},"41":{"start":{"line":83,"column":8},"end":{"line":83,"column":15}},"42":{"start":{"line":87,"column":15},"end":{"line":87,"column":44}},"43":{"start":{"line":89,"column":4},"end":{"line":99,"column":5}},"44":{"start":{"line":90,"column":16},"end":{"line":90,"column":41}},"45":{"start":{"line":92,"column":6},"end":{"line":94,"column":7}},"46":{"start":{"line":93,"column":8},"end":{"line":93,"column":15}},"47":{"start":{"line":96,"column":6},"end":{"line":98,"column":7}},"48":{"start":{"line":97,"column":8},"end":{"line":97,"column":15}},"49":{"start":{"line":102,"column":2},"end":{"line":102,"column":21}},"50":{"start":{"line":106,"column":2},"end":{"line":109,"column":21}}},"fnMap":{"0":{"name":"boundingBox","decl":{"start":{"line":5,"column":24},"end":{"line":5,"column":35}},"loc":{"start":{"line":5,"column":45},"end":{"line":36,"column":1}}},"1":{"name":"cubicBoundingBox","decl":{"start":{"line":38,"column":9},"end":{"line":38,"column":25}},"loc":{"start":{"line":38,"column":39},"end":{"line":53,"column":1}}},"2":{"name":"getMinMax","decl":{"start":{"line":55,"column":9},"end":{"line":55,"column":18}},"loc":{"start":{"line":55,"column":35},"end":{"line":103,"column":1}}},"3":{"name":"cubic","decl":{"start":{"line":105,"column":9},"end":{"line":105,"column":14}},"loc":{"start":{"line":105,"column":34},"end":{"line":110,"column":1}}}},"branchMap":{"0":{"loc":{"start":{"line":12,"column":17},"end":{"line":12,"column":37}},"type":"binary-expr","locations":[{"start":{"line":12,"column":17},"end":{"line":12,"column":22}},{"start":{"line":12,"column":26},"end":{"line":12,"column":37}}]},"1":{"loc":{"start":{"line":14,"column":4},"end":{"line":22,"column":5}},"type":"if","locations":[{"start":{"line":14,"column":4},"end":{"line":22,"column":5}},{"start":{"line":14,"column":4},"end":{"line":22,"column":5}}]},"2":{"loc":{"start":{"line":14,"column":8},"end":{"line":14,"column":32}},"type":"binary-expr","locations":[{"start":{"line":14,"column":8},"end":{"line":14,"column":18}},{"start":{"line":14,"column":22},"end":{"line":14,"column":32}}]},"3":{"loc":{"start":{"line":64,"column":2},"end":{"line":66,"column":3}},"type":"if","locations":[{"start":{"line":64,"column":2},"end":{"line":66,"column":3}},{"start":{"line":64,"column":2},"end":{"line":66,"column":3}}]},"4":{"loc":{"start":{"line":68,"column":2},"end":{"line":70,"column":3}},"type":"if","locations":[{"start":{"line":68,"column":2},"end":{"line":70,"column":3}},{"start":{"line":68,"column":2},"end":{"line":70,"column":3}}]},"5":{"loc":{"start":{"line":72,"column":2},"end":{"line":100,"column":3}},"type":"if","locations":[{"start":{"line":72,"column":2},"end":{"line":100,"column":3}},{"start":{"line":72,"column":2},"end":{"line":100,"column":3}}]},"6":{"loc":{"start":{"line":75,"column":4},"end":{"line":85,"column":5}},"type":"if","locations":[{"start":{"line":75,"column":4},"end":{"line":85,"column":5}},{"start":{"line":75,"column":4},"end":{"line":85,"column":5}}]},"7":{"loc":{"start":{"line":75,"column":8},"end":{"line":75,"column":24}},"type":"binary-expr","locations":[{"start":{"line":75,"column":8},"end":{"line":75,"column":14}},{"start":{"line":75,"column":18},"end":{"line":75,"column":24}}]},"8":{"loc":{"start":{"line":78,"column":6},"end":{"line":80,"column":7}},"type":"if","locations":[{"start":{"line":78,"column":6},"end":{"line":80,"column":7}},{"start":{"line":78,"column":6},"end":{"line":80,"column":7}}]},"9":{"loc":{"start":{"line":82,"column":6},"end":{"line":84,"column":7}},"type":"if","locations":[{"start":{"line":82,"column":6},"end":{"line":84,"column":7}},{"start":{"line":82,"column":6},"end":{"line":84,"column":7}}]},"10":{"loc":{"start":{"line":89,"column":4},"end":{"line":99,"column":5}},"type":"if","locations":[{"start":{"line":89,"column":4},"end":{"line":99,"column":5}},{"start":{"line":89,"column":4},"end":{"line":99,"column":5}}]},"11":{"loc":{"start":{"line":89,"column":8},"end":{"line":89,"column":24}},"type":"binary-expr","locations":[{"start":{"line":89,"column":8},"end":{"line":89,"column":14}},{"start":{"line":89,"column":18},"end":{"line":89,"column":24}}]},"12":{"loc":{"start":{"line":92,"column":6},"end":{"line":94,"column":7}},"type":"if","locations":[{"start":{"line":92,"column":6},"end":{"line":94,"column":7}},{"start":{"line":92,"column":6},"end":{"line":94,"column":7}}]},"13":{"loc":{"start":{"line":96,"column":6},"end":{"line":98,"column":7}},"type":"if","locations":[{"start":{"line":96,"column":6},"end":{"line":98,"column":7}},{"start":{"line":96,"column":6},"end":{"line":98,"column":7}}]}},"s":{"0":2,"1":2,"2":2,"3":2,"4":5,"5":5,"6":5,"7":2,"8":2,"9":3,"10":3,"11":3,"12":2,"13":2,"14":2,"15":2,"16":2,"17":3,"18":3,"19":3,"20":3,"21":3,"22":3,"23":3,"24":6,"25":6,"26":6,"27":6,"28":6,"29":6,"30":6,"31":0,"32":6,"33":3,"34":6,"35":6,"36":6,"37":0,"38":0,"39":0,"40":0,"41":0,"42":6,"43":6,"44":0,"45":0,"46":0,"47":0,"48":0,"49":6,"50":0},"f":{"0":2,"1":3,"2":6,"3":0},"b":{"0":[5,3],"1":[2,3],"2":[5,3],"3":[0,6],"4":[3,3],"5":[6,0],"6":[0,6],"7":[6,0],"8":[0,0],"9":[0,0],"10":[0,6],"11":[6,3],"12":[0,0],"13":[0,0]},"hash":"bd35fdf1082287f170033a239f548558522b80b8"}
,"D:\dev\polynomic\src\path\clean\index.js": {"path":"D:\\dev\\polynomic\\src\\path\\clean\\index.js","statementMap":{"0":{"start":{"line":20,"column":2},"end":{"line":20,"column":74}},"1":{"start":{"line":40,"column":2},"end":{"line":50,"column":4}},"2":{"start":{"line":41,"column":4},"end":{"line":43,"column":5}},"3":{"start":{"line":42,"column":6},"end":{"line":42,"column":19}},"4":{"start":{"line":45,"column":4},"end":{"line":47,"column":5}},"5":{"start":{"line":46,"column":6},"end":{"line":46,"column":21}},"6":{"start":{"line":49,"column":4},"end":{"line":49,"column":16}},"7":{"start":{"line":54,"column":2},"end":{"line":56,"column":26}},"8":{"start":{"line":73,"column":2},"end":{"line":84,"column":3}},"9":{"start":{"line":75,"column":19},"end":{"line":75,"column":51}},"10":{"start":{"line":77,"column":6},"end":{"line":79,"column":7}},"11":{"start":{"line":78,"column":8},"end":{"line":78,"column":18}},"12":{"start":{"line":81,"column":6},"end":{"line":81,"column":28}}},"fnMap":{"0":{"name":"clean","decl":{"start":{"line":19,"column":24},"end":{"line":19,"column":29}},"loc":{"start":{"line":19,"column":36},"end":{"line":21,"column":1}}},"1":{"name":"simplifyClosures","decl":{"start":{"line":37,"column":9},"end":{"line":37,"column":25}},"loc":{"start":{"line":37,"column":32},"end":{"line":51,"column":1}}},"2":{"name":"(anonymous_2)","decl":{"start":{"line":40,"column":18},"end":{"line":40,"column":19}},"loc":{"start":{"line":40,"column":29},"end":{"line":50,"column":3}}},"3":{"name":"shouldSimplifyClosure","decl":{"start":{"line":53,"column":9},"end":{"line":53,"column":30}},"loc":{"start":{"line":53,"column":45},"end":{"line":57,"column":1}}},"4":{"name":"removeConsecutiveSamePoints","decl":{"start":{"line":72,"column":9},"end":{"line":72,"column":36}},"loc":{"start":{"line":72,"column":43},"end":{"line":85,"column":1}}},"5":{"name":"(anonymous_5)","decl":{"start":{"line":74,"column":4},"end":{"line":74,"column":5}},"loc":{"start":{"line":74,"column":27},"end":{"line":82,"column":5}}}},"branchMap":{"0":{"loc":{"start":{"line":41,"column":4},"end":{"line":43,"column":5}},"type":"if","locations":[{"start":{"line":41,"column":4},"end":{"line":43,"column":5}},{"start":{"line":41,"column":4},"end":{"line":43,"column":5}}]},"1":{"loc":{"start":{"line":45,"column":4},"end":{"line":47,"column":5}},"type":"if","locations":[{"start":{"line":45,"column":4},"end":{"line":47,"column":5}},{"start":{"line":45,"column":4},"end":{"line":47,"column":5}}]},"2":{"loc":{"start":{"line":54,"column":9},"end":{"line":56,"column":26}},"type":"binary-expr","locations":[{"start":{"line":54,"column":10},"end":{"line":54,"column":20}},{"start":{"line":54,"column":24},"end":{"line":54,"column":34}},{"start":{"line":54,"column":38},"end":{"line":54,"column":48}},{"start":{"line":55,"column":7},"end":{"line":55,"column":26}},{"start":{"line":56,"column":7},"end":{"line":56,"column":26}}]},"3":{"loc":{"start":{"line":75,"column":19},"end":{"line":75,"column":51}},"type":"binary-expr","locations":[{"start":{"line":75,"column":19},"end":{"line":75,"column":28}},{"start":{"line":75,"column":32},"end":{"line":75,"column":51}}]},"4":{"loc":{"start":{"line":77,"column":6},"end":{"line":79,"column":7}},"type":"if","locations":[{"start":{"line":77,"column":6},"end":{"line":79,"column":7}},{"start":{"line":77,"column":6},"end":{"line":79,"column":7}}]},"5":{"loc":{"start":{"line":77,"column":10},"end":{"line":77,"column":58}},"type":"binary-expr","locations":[{"start":{"line":77,"column":10},"end":{"line":77,"column":14}},{"start":{"line":77,"column":18},"end":{"line":77,"column":36}},{"start":{"line":77,"column":40},"end":{"line":77,"column":58}}]}},"s":{"0":1,"1":1,"2":5,"3":1,"4":5,"5":1,"6":4,"7":5,"8":1,"9":6,"10":6,"11":1,"12":5},"f":{"0":1,"1":1,"2":5,"3":5,"4":1,"5":6},"b":{"0":[1,4],"1":[1,4],"2":[5,3,2,4,1],"3":[6,5],"4":[1,5],"5":[6,5,2]},"hash":"0884b53d18eac0f7282492b81189b002881932b2"}
,"D:\dev\polynomic\src\path\combine\index.js": {"path":"D:\\dev\\polynomic\\src\\path\\combine\\index.js","statementMap":{"0":{"start":{"line":22,"column":2},"end":{"line":49,"column":3}},"1":{"start":{"line":24,"column":6},"end":{"line":31,"column":7}},"2":{"start":{"line":25,"column":8},"end":{"line":30,"column":9}},"3":{"start":{"line":33,"column":6},"end":{"line":44,"column":7}},"4":{"start":{"line":34,"column":8},"end":{"line":41,"column":9}},"5":{"start":{"line":35,"column":10},"end":{"line":40,"column":11}},"6":{"start":{"line":43,"column":8},"end":{"line":43,"column":18}},"7":{"start":{"line":46,"column":6},"end":{"line":46,"column":28}}},"fnMap":{"0":{"name":"combine","decl":{"start":{"line":21,"column":24},"end":{"line":21,"column":31}},"loc":{"start":{"line":21,"column":38},"end":{"line":50,"column":1}}},"1":{"name":"(anonymous_1)","decl":{"start":{"line":23,"column":4},"end":{"line":23,"column":5}},"loc":{"start":{"line":23,"column":27},"end":{"line":47,"column":5}}}},"branchMap":{"0":{"loc":{"start":{"line":24,"column":6},"end":{"line":31,"column":7}},"type":"if","locations":[{"start":{"line":24,"column":6},"end":{"line":31,"column":7}},{"start":{"line":24,"column":6},"end":{"line":31,"column":7}}]},"1":{"loc":{"start":{"line":24,"column":10},"end":{"line":24,"column":33}},"type":"binary-expr","locations":[{"start":{"line":24,"column":10},"end":{"line":24,"column":19}},{"start":{"line":24,"column":23},"end":{"line":24,"column":33}}]},"2":{"loc":{"start":{"line":27,"column":10},"end":{"line":29,"column":31}},"type":"cond-expr","locations":[{"start":{"line":28,"column":12},"end":{"line":28,"column":31}},{"start":{"line":29,"column":12},"end":{"line":29,"column":31}}]},"3":{"loc":{"start":{"line":33,"column":6},"end":{"line":44,"column":7}},"type":"if","locations":[{"start":{"line":33,"column":6},"end":{"line":44,"column":7}},{"start":{"line":33,"column":6},"end":{"line":44,"column":7}}]},"4":{"loc":{"start":{"line":34,"column":8},"end":{"line":41,"column":9}},"type":"if","locations":[{"start":{"line":34,"column":8},"end":{"line":41,"column":9}},{"start":{"line":34,"column":8},"end":{"line":41,"column":9}}]},"5":{"loc":{"start":{"line":37,"column":12},"end":{"line":39,"column":24}},"type":"cond-expr","locations":[{"start":{"line":38,"column":14},"end":{"line":38,"column":24}},{"start":{"line":39,"column":14},"end":{"line":39,"column":24}}]}},"s":{"0":1,"1":8,"2":1,"3":7,"4":2,"5":1,"6":1,"7":5},"f":{"0":1,"1":8},"b":{"0":[1,7],"1":[8,7],"2":[1,0],"3":[2,5],"4":[1,1],"5":[1,0]},"hash":"e2cbe11a01b7e78478e2df09256648d2178dde2d"}
,"D:\dev\polynomic\src\path\ensure-move-to\index.js": {"path":"D:\\dev\\polynomic\\src\\path\\ensure-move-to\\index.js","statementMap":{"0":{"start":{"line":17,"column":2},"end":{"line":33,"column":4}},"1":{"start":{"line":18,"column":4},"end":{"line":22,"column":5}},"2":{"start":{"line":19,"column":6},"end":{"line":21,"column":27}},"3":{"start":{"line":24,"column":4},"end":{"line":30,"column":5}},"4":{"start":{"line":25,"column":19},"end":{"line":25,"column":34}},"5":{"start":{"line":27,"column":6},"end":{"line":29,"column":33}},"6":{"start":{"line":32,"column":4},"end":{"line":32,"column":16}}},"fnMap":{"0":{"name":"ensureMoveTo","decl":{"start":{"line":16,"column":24},"end":{"line":16,"column":36}},"loc":{"start":{"line":16,"column":43},"end":{"line":34,"column":1}}},"1":{"name":"(anonymous_1)","decl":{"start":{"line":17,"column":18},"end":{"line":17,"column":19}},"loc":{"start":{"line":17,"column":36},"end":{"line":33,"column":3}}}},"branchMap":{"0":{"loc":{"start":{"line":18,"column":4},"end":{"line":22,"column":5}},"type":"if","locations":[{"start":{"line":18,"column":4},"end":{"line":22,"column":5}},{"start":{"line":18,"column":4},"end":{"line":22,"column":5}}]},"1":{"loc":{"start":{"line":18,"column":8},"end":{"line":18,"column":34}},"type":"binary-expr","locations":[{"start":{"line":18,"column":8},"end":{"line":18,"column":19}},{"start":{"line":18,"column":23},"end":{"line":18,"column":34}}]},"2":{"loc":{"start":{"line":19,"column":13},"end":{"line":21,"column":27}},"type":"cond-expr","locations":[{"start":{"line":20,"column":8},"end":{"line":20,"column":27}},{"start":{"line":21,"column":8},"end":{"line":21,"column":27}}]},"3":{"loc":{"start":{"line":24,"column":4},"end":{"line":30,"column":5}},"type":"if","locations":[{"start":{"line":24,"column":4},"end":{"line":30,"column":5}},{"start":{"line":24,"column":4},"end":{"line":30,"column":5}}]},"4":{"loc":{"start":{"line":24,"column":8},"end":{"line":24,"column":56}},"type":"binary-expr","locations":[{"start":{"line":24,"column":8},"end":{"line":24,"column":17}},{"start":{"line":24,"column":21},"end":{"line":24,"column":41}},{"start":{"line":24,"column":45},"end":{"line":24,"column":56}}]},"5":{"loc":{"start":{"line":27,"column":13},"end":{"line":29,"column":33}},"type":"cond-expr","locations":[{"start":{"line":28,"column":8},"end":{"line":28,"column":33}},{"start":{"line":29,"column":8},"end":{"line":29,"column":33}}]}},"s":{"0":4,"1":12,"2":2,"3":10,"4":0,"5":0,"6":10},"f":{"0":4,"1":12},"b":{"0":[2,10],"1":[12,4],"2":[0,2],"3":[0,10],"4":[10,8,0],"5":[0,0]},"hash":"d077f7d112062f2982f0d33cd72bbd101b3dfe61"}
,"D:\dev\polynomic\src\path\is-equal\index.js": {"path":"D:\\dev\\polynomic\\src\\path\\is-equal\\index.js","statementMap":{"0":{"start":{"line":5,"column":2},"end":{"line":9,"column":3}},"1":{"start":{"line":6,"column":4},"end":{"line":6,"column":18}},"2":{"start":{"line":7,"column":9},"end":{"line":9,"column":3}},"3":{"start":{"line":8,"column":4},"end":{"line":8,"column":97}},"4":{"start":{"line":11,"column":2},"end":{"line":15,"column":3}},"5":{"start":{"line":12,"column":4},"end":{"line":12,"column":18}},"6":{"start":{"line":13,"column":9},"end":{"line":15,"column":3}},"7":{"start":{"line":14,"column":4},"end":{"line":14,"column":97}},"8":{"start":{"line":17,"column":2},"end":{"line":17,"column":25}}},"fnMap":{"0":{"name":"isEqual","decl":{"start":{"line":4,"column":24},"end":{"line":4,"column":31}},"loc":{"start":{"line":4,"column":40},"end":{"line":18,"column":1}}}},"branchMap":{"0":{"loc":{"start":{"line":5,"column":2},"end":{"line":9,"column":3}},"type":"if","locations":[{"start":{"line":5,"column":2},"end":{"line":9,"column":3}},{"start":{"line":5,"column":2},"end":{"line":9,"column":3}}]},"1":{"loc":{"start":{"line":7,"column":9},"end":{"line":9,"column":3}},"type":"if","locations":[{"start":{"line":7,"column":9},"end":{"line":9,"column":3}},{"start":{"line":7,"column":9},"end":{"line":9,"column":3}}]},"2":{"loc":{"start":{"line":11,"column":2},"end":{"line":15,"column":3}},"type":"if","locations":[{"start":{"line":11,"column":2},"end":{"line":15,"column":3}},{"start":{"line":11,"column":2},"end":{"line":15,"column":3}}]},"3":{"loc":{"start":{"line":13,"column":9},"end":{"line":15,"column":3}},"type":"if","locations":[{"start":{"line":13,"column":9},"end":{"line":15,"column":3}},{"start":{"line":13,"column":9},"end":{"line":15,"column":3}}]}},"s":{"0":31,"1":9,"2":22,"3":0,"4":31,"5":30,"6":1,"7":0,"8":31},"f":{"0":31},"b":{"0":[9,22],"1":[0,22],"2":[30,1],"3":[0,1]},"hash":"770ad82e62b570f3857d1c0c4e8a208937b54239"}
,"D:\dev\polynomic\src\path\join\index.js": {"path":"D:\\dev\\polynomic\\src\\path\\join\\index.js","statementMap":{"0":{"start":{"line":25,"column":2},"end":{"line":40,"column":3}},"1":{"start":{"line":27,"column":6},"end":{"line":35,"column":7}},"2":{"start":{"line":28,"column":8},"end":{"line":28,"column":33}},"3":{"start":{"line":30,"column":8},"end":{"line":34,"column":9}},"4":{"start":{"line":37,"column":6},"end":{"line":37,"column":30}}},"fnMap":{"0":{"name":"join","decl":{"start":{"line":24,"column":24},"end":{"line":24,"column":28}},"loc":{"start":{"line":24,"column":57},"end":{"line":41,"column":1}}},"1":{"name":"(anonymous_1)","decl":{"start":{"line":26,"column":4},"end":{"line":26,"column":5}},"loc":{"start":{"line":26,"column":19},"end":{"line":38,"column":5}}}},"branchMap":{"0":{"loc":{"start":{"line":24,"column":36},"end":{"line":24,"column":55}},"type":"default-arg","locations":[{"start":{"line":24,"column":50},"end":{"line":24,"column":55}}]},"1":{"loc":{"start":{"line":27,"column":6},"end":{"line":35,"column":7}},"type":"if","locations":[{"start":{"line":27,"column":6},"end":{"line":35,"column":7}},{"start":{"line":27,"column":6},"end":{"line":35,"column":7}}]},"2":{"loc":{"start":{"line":33,"column":13},"end":{"line":33,"column":56}},"type":"binary-expr","locations":[{"start":{"line":33,"column":13},"end":{"line":33,"column":40}},{"start":{"line":33,"column":44},"end":{"line":33,"column":56}}]}},"s":{"0":2,"1":6,"2":3,"3":3,"4":3},"f":{"0":2,"1":6},"b":{"0":[1],"1":[3,3],"2":[3,3]},"hash":"47f712c1635ac6724f95a1bf13df37423c62b120"}
,"D:\dev\polynomic\src\path\reverse\index.js": {"path":"D:\\dev\\polynomic\\src\\path\\reverse\\index.js","statementMap":{"0":{"start":{"line":6,"column":19},"end":{"line":6,"column":21}},"1":{"start":{"line":9,"column":2},"end":{"line":47,"column":3}},"2":{"start":{"line":10,"column":17},"end":{"line":10,"column":32}},"3":{"start":{"line":11,"column":16},"end":{"line":11,"column":23}},"4":{"start":{"line":13,"column":4},"end":{"line":15,"column":5}},"5":{"start":{"line":14,"column":6},"end":{"line":14,"column":25}},"6":{"start":{"line":17,"column":15},"end":{"line":19,"column":27}},"7":{"start":{"line":21,"column":4},"end":{"line":25,"column":5}},"8":{"start":{"line":22,"column":6},"end":{"line":22,"column":30}},"9":{"start":{"line":23,"column":6},"end":{"line":23,"column":18}},"10":{"start":{"line":24,"column":6},"end":{"line":24,"column":25}},"11":{"start":{"line":27,"column":15},"end":{"line":27,"column":24}},"12":{"start":{"line":28,"column":21},"end":{"line":28,"column":36}},"13":{"start":{"line":30,"column":4},"end":{"line":32,"column":5}},"14":{"start":{"line":31,"column":6},"end":{"line":31,"column":41}},"15":{"start":{"line":34,"column":4},"end":{"line":36,"column":5}},"16":{"start":{"line":35,"column":6},"end":{"line":35,"column":41}},"17":{"start":{"line":38,"column":4},"end":{"line":40,"column":5}},"18":{"start":{"line":39,"column":6},"end":{"line":39,"column":45}},"19":{"start":{"line":42,"column":4},"end":{"line":44,"column":5}},"20":{"start":{"line":43,"column":6},"end":{"line":43,"column":41}},"21":{"start":{"line":46,"column":4},"end":{"line":46,"column":73}},"22":{"start":{"line":49,"column":2},"end":{"line":49,"column":27}},"23":{"start":{"line":53,"column":2},"end":{"line":59,"column":3}},"24":{"start":{"line":63,"column":2},"end":{"line":66,"column":3}}},"fnMap":{"0":{"name":"reverse","decl":{"start":{"line":5,"column":24},"end":{"line":5,"column":31}},"loc":{"start":{"line":5,"column":38},"end":{"line":50,"column":1}}},"1":{"name":"reverseAnchors","decl":{"start":{"line":52,"column":9},"end":{"line":52,"column":23}},"loc":{"start":{"line":52,"column":36},"end":{"line":60,"column":1}}},"2":{"name":"reverseArc","decl":{"start":{"line":62,"column":9},"end":{"line":62,"column":19}},"loc":{"start":{"line":62,"column":32},"end":{"line":67,"column":1}}}},"branchMap":{"0":{"loc":{"start":{"line":13,"column":4},"end":{"line":15,"column":5}},"type":"if","locations":[{"start":{"line":13,"column":4},"end":{"line":15,"column":5}},{"start":{"line":13,"column":4},"end":{"line":15,"column":5}}]},"1":{"loc":{"start":{"line":17,"column":15},"end":{"line":19,"column":27}},"type":"cond-expr","locations":[{"start":{"line":18,"column":6},"end":{"line":18,"column":17}},{"start":{"line":19,"column":6},"end":{"line":19,"column":27}}]},"2":{"loc":{"start":{"line":17,"column":15},"end":{"line":17,"column":47}},"type":"binary-expr","locations":[{"start":{"line":17,"column":15},"end":{"line":17,"column":26}},{"start":{"line":17,"column":30},"end":{"line":17,"column":47}}]},"3":{"loc":{"start":{"line":21,"column":4},"end":{"line":25,"column":5}},"type":"if","locations":[{"start":{"line":21,"column":4},"end":{"line":25,"column":5}},{"start":{"line":21,"column":4},"end":{"line":25,"column":5}}]},"4":{"loc":{"start":{"line":30,"column":4},"end":{"line":32,"column":5}},"type":"if","locations":[{"start":{"line":30,"column":4},"end":{"line":32,"column":5}},{"start":{"line":30,"column":4},"end":{"line":32,"column":5}}]},"5":{"loc":{"start":{"line":31,"column":13},"end":{"line":31,"column":41}},"type":"cond-expr","locations":[{"start":{"line":31,"column":32},"end":{"line":31,"column":35}},{"start":{"line":31,"column":38},"end":{"line":31,"column":41}}]},"6":{"loc":{"start":{"line":34,"column":4},"end":{"line":36,"column":5}},"type":"if","locations":[{"start":{"line":34,"column":4},"end":{"line":36,"column":5}},{"start":{"line":34,"column":4},"end":{"line":36,"column":5}}]},"7":{"loc":{"start":{"line":35,"column":13},"end":{"line":35,"column":41}},"type":"cond-expr","locations":[{"start":{"line":35,"column":32},"end":{"line":35,"column":35}},{"start":{"line":35,"column":38},"end":{"line":35,"column":41}}]},"8":{"loc":{"start":{"line":38,"column":4},"end":{"line":40,"column":5}},"type":"if","locations":[{"start":{"line":38,"column":4},"end":{"line":40,"column":5}},{"start":{"line":38,"column":4},"end":{"line":40,"column":5}}]},"9":{"loc":{"start":{"line":38,"column":8},"end":{"line":38,"column":30}},"type":"binary-expr","locations":[{"start":{"line":38,"column":8},"end":{"line":38,"column":17}},{"start":{"line":38,"column":21},"end":{"line":38,"column":30}}]},"10":{"loc":{"start":{"line":42,"column":4},"end":{"line":44,"column":5}},"type":"if","locations":[{"start":{"line":42,"column":4},"end":{"line":44,"column":5}},{"start":{"line":42,"column":4},"end":{"line":44,"column":5}}]}},"s":{"0":3,"1":3,"2":26,"3":26,"4":26,"5":4,"6":26,"7":26,"8":2,"9":2,"10":2,"11":26,"12":26,"13":26,"14":3,"15":26,"16":2,"17":26,"18":3,"19":26,"20":1,"21":26,"22":3,"23":3,"24":1},"f":{"0":3,"1":3,"2":1},"b":{"0":[4,22],"1":[21,5],"2":[26,23],"3":[2,24],"4":[3,23],"5":[0,3],"6":[2,24],"7":[0,2],"8":[3,23],"9":[26,25],"10":[1,25]},"hash":"59671ddce3ee2cf9384cd6d62af88fdc68ee61f2"}
,"D:\dev\polynomic\src\path\simplify\index.js": {"path":"D:\\dev\\polynomic\\src\\path\\simplify\\index.js","statementMap":{"0":{"start":{"line":4,"column":12},"end":{"line":4,"column":13}},"1":{"start":{"line":5,"column":14},"end":{"line":5,"column":15}},"2":{"start":{"line":7,"column":2},"end":{"line":15,"column":3}},"3":{"start":{"line":8,"column":18},"end":{"line":8,"column":25}},"4":{"start":{"line":9,"column":21},"end":{"line":9,"column":75}},"5":{"start":{"line":11,"column":4},"end":{"line":14,"column":5}},"6":{"start":{"line":12,"column":6},"end":{"line":12,"column":15}},"7":{"start":{"line":13,"column":6},"end":{"line":13,"column":20}},"8":{"start":{"line":17,"column":2},"end":{"line":25,"column":3}},"9":{"start":{"line":18,"column":17},"end":{"line":18,"column":62}},"10":{"start":{"line":19,"column":17},"end":{"line":19,"column":68}},"11":{"start":{"line":21,"column":4},"end":{"line":24,"column":5}},"12":{"start":{"line":27,"column":2},"end":{"line":30,"column":3}}},"fnMap":{"0":{"name":"simplify","decl":{"start":{"line":3,"column":24},"end":{"line":3,"column":32}},"loc":{"start":{"line":3,"column":50},"end":{"line":31,"column":1}}}},"branchMap":{"0":{"loc":{"start":{"line":11,"column":4},"end":{"line":14,"column":5}},"type":"if","locations":[{"start":{"line":11,"column":4},"end":{"line":14,"column":5}},{"start":{"line":11,"column":4},"end":{"line":14,"column":5}}]},"1":{"loc":{"start":{"line":17,"column":2},"end":{"line":25,"column":3}},"type":"if","locations":[{"start":{"line":17,"column":2},"end":{"line":25,"column":3}},{"start":{"line":17,"column":2},"end":{"line":25,"column":3}}]}},"s":{"0":4,"1":4,"2":4,"3":2,"4":2,"5":2,"6":2,"7":2,"8":4,"9":1,"10":1,"11":1,"12":3},"f":{"0":4},"b":{"0":[2,0],"1":[1,3]},"hash":"6ff51f3e02a3a0500097ad03a7d6853d5f50092c"}
,"D:\dev\polynomic\src\path\split\index.js": {"path":"D:\\dev\\polynomic\\src\\path\\split\\index.js","statementMap":{"0":{"start":{"line":2,"column":2},"end":{"line":4,"column":3}},"1":{"start":{"line":3,"column":4},"end":{"line":3,"column":29}},"2":{"start":{"line":6,"column":2},"end":{"line":26,"column":3}},"3":{"start":{"line":8,"column":6},"end":{"line":13,"column":7}},"4":{"start":{"line":9,"column":8},"end":{"line":12,"column":9}},"5":{"start":{"line":15,"column":22},"end":{"line":18,"column":7}},"6":{"start":{"line":20,"column":6},"end":{"line":23,"column":7}}},"fnMap":{"0":{"name":"split","decl":{"start":{"line":1,"column":24},"end":{"line":1,"column":29}},"loc":{"start":{"line":1,"column":68},"end":{"line":27,"column":1}}},"1":{"name":"(anonymous_1)","decl":{"start":{"line":7,"column":4},"end":{"line":7,"column":5}},"loc":{"start":{"line":7,"column":27},"end":{"line":24,"column":5}}}},"branchMap":{"0":{"loc":{"start":{"line":1,"column":48},"end":{"line":1,"column":66}},"type":"default-arg","locations":[{"start":{"line":1,"column":61},"end":{"line":1,"column":66}}]},"1":{"loc":{"start":{"line":2,"column":2},"end":{"line":4,"column":3}},"type":"if","locations":[{"start":{"line":2,"column":2},"end":{"line":4,"column":3}},{"start":{"line":2,"column":2},"end":{"line":4,"column":3}}]},"2":{"loc":{"start":{"line":8,"column":6},"end":{"line":13,"column":7}},"type":"if","locations":[{"start":{"line":8,"column":6},"end":{"line":13,"column":7}},{"start":{"line":8,"column":6},"end":{"line":13,"column":7}}]},"3":{"loc":{"start":{"line":8,"column":10},"end":{"line":8,"column":56}},"type":"binary-expr","locations":[{"start":{"line":8,"column":10},"end":{"line":8,"column":41}},{"start":{"line":8,"column":45},"end":{"line":8,"column":56}}]},"4":{"loc":{"start":{"line":11,"column":10},"end":{"line":11,"column":52}},"type":"cond-expr","locations":[{"start":{"line":11,"column":40},"end":{"line":11,"column":47}},{"start":{"line":11,"column":50},"end":{"line":11,"column":52}}]},"5":{"loc":{"start":{"line":11,"column":11},"end":{"line":11,"column":36}},"type":"binary-expr","locations":[{"start":{"line":11,"column":11},"end":{"line":11,"column":21}},{"start":{"line":11,"column":25},"end":{"line":11,"column":36}}]}},"s":{"0":1,"1":1,"2":1,"3":11,"4":3,"5":8,"6":8},"f":{"0":1,"1":11},"b":{"0":[1],"1":[1,0],"2":[3,8],"3":[11,9],"4":[1,2],"5":[3,3]},"hash":"06b0845adf5830862fb1a3ee84d089e3fe9c0c8d"}
,"D:\dev\polynomic\src\path\to-cubic\index.js": {"path":"D:\\dev\\polynomic\\src\\path\\to-cubic\\index.js","statementMap":{"0":{"start":{"line":4,"column":2},"end":{"line":15,"column":3}},"1":{"start":{"line":6,"column":19},"end":{"line":6,"column":47}},"2":{"start":{"line":7,"column":20},"end":{"line":7,"column":45}},"3":{"start":{"line":9,"column":6},"end":{"line":12,"column":7}}},"fnMap":{"0":{"name":"toCubic","decl":{"start":{"line":3,"column":24},"end":{"line":3,"column":31}},"loc":{"start":{"line":3,"column":38},"end":{"line":16,"column":1}}},"1":{"name":"(anonymous_1)","decl":{"start":{"line":5,"column":4},"end":{"line":5,"column":5}},"loc":{"start":{"line":5,"column":27},"end":{"line":13,"column":5}}}},"branchMap":{"0":{"loc":{"start":{"line":6,"column":19},"end":{"line":6,"column":47}},"type":"binary-expr","locations":[{"start":{"line":6,"column":19},"end":{"line":6,"column":28}},{"start":{"line":6,"column":32},"end":{"line":6,"column":47}}]},"1":{"loc":{"start":{"line":11,"column":11},"end":{"line":11,"column":49}},"type":"cond-expr","locations":[{"start":{"line":11,"column":34},"end":{"line":11,"column":39}},{"start":{"line":11,"column":42},"end":{"line":11,"column":49}}]}},"s":{"0":3,"1":8,"2":8,"3":8},"f":{"0":3,"1":8},"b":{"0":[8,5],"1":[0,8]},"hash":"d9c4d7f960c6331631fb2f5f0716aab3973f398d"}
,"D:\dev\polynomic\src\pathstring\build\index.js": {"path":"D:\\dev\\polynomic\\src\\pathstring\\build\\index.js","statementMap":{"0":{"start":{"line":12,"column":16},"end":{"line":92,"column":1}},"1":{"start":{"line":14,"column":4},"end":{"line":14,"column":50}},"2":{"start":{"line":18,"column":4},"end":{"line":18,"column":32}},"3":{"start":{"line":22,"column":4},"end":{"line":22,"column":50}},"4":{"start":{"line":26,"column":4},"end":{"line":26,"column":32}},"5":{"start":{"line":30,"column":4},"end":{"line":30,"column":31}},"6":{"start":{"line":34,"column":4},"end":{"line":34,"column":22}},"7":{"start":{"line":38,"column":4},"end":{"line":38,"column":31}},"8":{"start":{"line":42,"column":4},"end":{"line":42,"column":22}},"9":{"start":{"line":46,"column":4},"end":{"line":46,"column":112}},"10":{"start":{"line":50,"column":4},"end":{"line":50,"column":76}},"11":{"start":{"line":54,"column":4},"end":{"line":54,"column":50}},"12":{"start":{"line":58,"column":4},"end":{"line":58,"column":32}},"13":{"start":{"line":62,"column":4},"end":{"line":62,"column":174}},"14":{"start":{"line":66,"column":4},"end":{"line":66,"column":120}},"15":{"start":{"line":70,"column":4},"end":{"line":70,"column":112}},"16":{"start":{"line":74,"column":4},"end":{"line":74,"column":76}},"17":{"start":{"line":78,"column":4},"end":{"line":78,"column":166}},"18":{"start":{"line":82,"column":4},"end":{"line":82,"column":148}},"19":{"start":{"line":86,"column":4},"end":{"line":86,"column":13}},"20":{"start":{"line":90,"column":4},"end":{"line":90,"column":13}},"21":{"start":{"line":95,"column":15},"end":{"line":95,"column":30}},"22":{"start":{"line":96,"column":2},"end":{"line":96,"column":36}},"23":{"start":{"line":109,"column":2},"end":{"line":112,"column":24}},"24":{"start":{"line":110,"column":27},"end":{"line":110,"column":129}}},"fnMap":{"0":{"name":"r","decl":{"start":{"line":94,"column":9},"end":{"line":94,"column":10}},"loc":{"start":{"line":94,"column":29},"end":{"line":97,"column":1}}},"1":{"name":"build","decl":{"start":{"line":108,"column":24},"end":{"line":108,"column":29}},"loc":{"start":{"line":108,"column":38},"end":{"line":113,"column":1}}},"2":{"name":"(anonymous_2)","decl":{"start":{"line":110,"column":4},"end":{"line":110,"column":5}},"loc":{"start":{"line":110,"column":27},"end":{"line":110,"column":129}}}},"branchMap":{"0":{"loc":{"start":{"line":94,"column":14},"end":{"line":94,"column":27}},"type":"default-arg","locations":[{"start":{"line":94,"column":26},"end":{"line":94,"column":27}}]},"1":{"loc":{"start":{"line":110,"column":81},"end":{"line":110,"column":125}},"type":"cond-expr","locations":[{"start":{"line":110,"column":93},"end":{"line":110,"column":110}},{"start":{"line":110,"column":113},"end":{"line":110,"column":125}}]}},"s":{"0":3,"1":2,"2":8,"3":2,"4":11,"5":0,"6":0,"7":0,"8":0,"9":0,"10":2,"11":2,"12":0,"13":2,"14":0,"15":2,"16":0,"17":2,"18":0,"19":2,"20":2,"21":88,"22":88,"23":8,"24":37},"f":{"0":88,"1":8,"2":37},"b":{"0":[88],"1":[29,8]},"hash":"2d43fd012e4b787532c5682c26cfdf6de0603940"}
,"D:\dev\polynomic\src\pathstring\is-valid\index.js": {"path":"D:\\dev\\polynomic\\src\\pathstring\\is-valid\\index.js","statementMap":{"0":{"start":{"line":5,"column":2},"end":{"line":7,"column":29}},"1":{"start":{"line":11,"column":2},"end":{"line":11,"column":30}},"2":{"start":{"line":15,"column":2},"end":{"line":19,"column":3}},"3":{"start":{"line":17,"column":6},"end":{"line":18,"column":49}},"4":{"start":{"line":23,"column":2},"end":{"line":23,"column":44}}},"fnMap":{"0":{"name":"isValid","decl":{"start":{"line":4,"column":24},"end":{"line":4,"column":31}},"loc":{"start":{"line":4,"column":35},"end":{"line":8,"column":1}}},"1":{"name":"checkFirstM","decl":{"start":{"line":10,"column":9},"end":{"line":10,"column":20}},"loc":{"start":{"line":10,"column":24},"end":{"line":12,"column":1}}},"2":{"name":"checkParametersNumber","decl":{"start":{"line":14,"column":9},"end":{"line":14,"column":30}},"loc":{"start":{"line":14,"column":34},"end":{"line":20,"column":1}}},"3":{"name":"(anonymous_3)","decl":{"start":{"line":16,"column":4},"end":{"line":16,"column":5}},"loc":{"start":{"line":17,"column":6},"end":{"line":18,"column":49}}},"4":{"name":"noInvalidCharacters","decl":{"start":{"line":22,"column":9},"end":{"line":22,"column":28}},"loc":{"start":{"line":22,"column":32},"end":{"line":24,"column":1}}}},"branchMap":{"0":{"loc":{"start":{"line":5,"column":9},"end":{"line":7,"column":29}},"type":"binary-expr","locations":[{"start":{"line":5,"column":9},"end":{"line":5,"column":23}},{"start":{"line":6,"column":7},"end":{"line":6,"column":31}},{"start":{"line":7,"column":7},"end":{"line":7,"column":29}}]},"1":{"loc":{"start":{"line":17,"column":6},"end":{"line":18,"column":49}},"type":"binary-expr","locations":[{"start":{"line":17,"column":6},"end":{"line":17,"column":40}},{"start":{"line":18,"column":9},"end":{"line":18,"column":49}}]}},"s":{"0":8,"1":8,"2":6,"3":19,"4":4},"f":{"0":8,"1":8,"2":6,"3":19,"4":4},"b":{"0":[8,6,4],"1":[19,19]},"hash":"c2e86ef0df85b683714f3cf00d6518640965bbed"}
,"D:\dev\polynomic\src\pathstring\parse\index.js": {"path":"D:\\dev\\polynomic\\src\\pathstring\\parse\\index.js","statementMap":{"0":{"start":{"line":17,"column":2},"end":{"line":17,"column":36}},"1":{"start":{"line":34,"column":2},"end":{"line":57,"column":3}},"2":{"start":{"line":36,"column":16},"end":{"line":36,"column":28}},"3":{"start":{"line":39,"column":6},"end":{"line":41,"column":7}},"4":{"start":{"line":40,"column":8},"end":{"line":40,"column":34}},"5":{"start":{"line":43,"column":6},"end":{"line":45,"column":7}},"6":{"start":{"line":44,"column":8},"end":{"line":44,"column":25}},"7":{"start":{"line":47,"column":6},"end":{"line":52,"column":7}},"8":{"start":{"line":48,"column":8},"end":{"line":48,"column":48}},"9":{"start":{"line":49,"column":8},"end":{"line":49,"column":70}},"10":{"start":{"line":49,"column":45},"end":{"line":49,"column":69}},"11":{"start":{"line":51,"column":8},"end":{"line":51,"column":35}},"12":{"start":{"line":54,"column":6},"end":{"line":54,"column":35}},"13":{"start":{"line":66,"column":14},"end":{"line":66,"column":16}},"14":{"start":{"line":68,"column":2},"end":{"line":74,"column":3}},"15":{"start":{"line":69,"column":18},"end":{"line":69,"column":39}},"16":{"start":{"line":71,"column":4},"end":{"line":73,"column":5}},"17":{"start":{"line":72,"column":6},"end":{"line":72,"column":21}},"18":{"start":{"line":76,"column":2},"end":{"line":76,"column":12}}},"fnMap":{"0":{"name":"parse","decl":{"start":{"line":16,"column":24},"end":{"line":16,"column":29}},"loc":{"start":{"line":16,"column":33},"end":{"line":18,"column":1}}},"1":{"name":"buildPointList","decl":{"start":{"line":31,"column":9},"end":{"line":31,"column":23}},"loc":{"start":{"line":31,"column":34},"end":{"line":58,"column":1}}},"2":{"name":"(anonymous_2)","decl":{"start":{"line":35,"column":4},"end":{"line":35,"column":5}},"loc":{"start":{"line":35,"column":36},"end":{"line":55,"column":5}}},"3":{"name":"(anonymous_3)","decl":{"start":{"line":49,"column":34},"end":{"line":49,"column":35}},"loc":{"start":{"line":49,"column":45},"end":{"line":49,"column":69}}},"4":{"name":"chunks","decl":{"start":{"line":65,"column":9},"end":{"line":65,"column":15}},"loc":{"start":{"line":65,"column":26},"end":{"line":77,"column":1}}}},"branchMap":{"0":{"loc":{"start":{"line":39,"column":6},"end":{"line":41,"column":7}},"type":"if","locations":[{"start":{"line":39,"column":6},"end":{"line":41,"column":7}},{"start":{"line":39,"column":6},"end":{"line":41,"column":7}}]},"1":{"loc":{"start":{"line":43,"column":6},"end":{"line":45,"column":7}},"type":"if","locations":[{"start":{"line":43,"column":6},"end":{"line":45,"column":7}},{"start":{"line":43,"column":6},"end":{"line":45,"column":7}}]},"2":{"loc":{"start":{"line":43,"column":10},"end":{"line":43,"column":27}},"type":"binary-expr","locations":[{"start":{"line":43,"column":10},"end":{"line":43,"column":14}},{"start":{"line":43,"column":18},"end":{"line":43,"column":27}}]},"3":{"loc":{"start":{"line":47,"column":6},"end":{"line":52,"column":7}},"type":"if","locations":[{"start":{"line":47,"column":6},"end":{"line":52,"column":7}},{"start":{"line":47,"column":6},"end":{"line":52,"column":7}}]},"4":{"loc":{"start":{"line":71,"column":4},"end":{"line":73,"column":5}},"type":"if","locations":[{"start":{"line":71,"column":4},"end":{"line":73,"column":5}},{"start":{"line":71,"column":4},"end":{"line":73,"column":5}}]}},"s":{"0":75,"1":75,"2":309,"3":309,"4":235,"5":309,"6":84,"7":309,"8":286,"9":286,"10":287,"11":23,"12":309,"13":286,"14":286,"15":287,"16":287,"17":287,"18":286},"f":{"0":75,"1":75,"2":309,"3":287,"4":286},"b":{"0":[235,74],"1":[84,225],"2":[309,235],"3":[286,23],"4":[287,0]},"hash":"c735f31b112d31387ce9b653ca72e2563fe3ea35"}
,"D:\dev\polynomic\src\pathstring\segments\index.js": {"path":"D:\\dev\\polynomic\\src\\pathstring\\segments\\index.js","statementMap":{"0":{"start":{"line":7,"column":2},"end":{"line":15,"column":22}},"1":{"start":{"line":19,"column":2},"end":{"line":19,"column":30}},"2":{"start":{"line":23,"column":2},"end":{"line":23,"column":18}},"3":{"start":{"line":24,"column":2},"end":{"line":24,"column":43}},"4":{"start":{"line":28,"column":2},"end":{"line":36,"column":41}}},"fnMap":{"0":{"name":"segments","decl":{"start":{"line":6,"column":24},"end":{"line":6,"column":32}},"loc":{"start":{"line":6,"column":36},"end":{"line":16,"column":1}}},"1":{"name":"isStringNotEmpty","decl":{"start":{"line":18,"column":9},"end":{"line":18,"column":25}},"loc":{"start":{"line":18,"column":31},"end":{"line":20,"column":1}}},"2":{"name":"convertNumberLikeInActualNumber","decl":{"start":{"line":22,"column":9},"end":{"line":22,"column":40}},"loc":{"start":{"line":22,"column":46},"end":{"line":25,"column":1}}},"3":{"name":"splitSegment","decl":{"start":{"line":27,"column":9},"end":{"line":27,"column":21}},"loc":{"start":{"line":27,"column":31},"end":{"line":37,"column":1}}}},"branchMap":{"0":{"loc":{"start":{"line":24,"column":9},"end":{"line":24,"column":43}},"type":"cond-expr","locations":[{"start":{"line":24,"column":22},"end":{"line":24,"column":25}},{"start":{"line":24,"column":28},"end":{"line":24,"column":43}}]}},"s":{"0":82,"1":3278,"2":1091,"3":1091,"4":338},"f":{"0":82,"1":3278,"2":1091,"3":338},"b":{"0":[338,753]},"hash":"0119f47973b2117dd1aa1f2a5c713a98915cd1df"}
,"D:\dev\polynomic\src\point\arc-to-cubic\index.js": {"path":"D:\\dev\\polynomic\\src\\point\\arc-to-cubic\\index.js","statementMap":{"0":{"start":{"line":6,"column":16},"end":{"line":6,"column":18}},"1":{"start":{"line":9,"column":11},"end":{"line":9,"column":17}},"2":{"start":{"line":10,"column":11},"end":{"line":10,"column":17}},"3":{"start":{"line":11,"column":11},"end":{"line":11,"column":18}},"4":{"start":{"line":12,"column":11},"end":{"line":12,"column":18}},"5":{"start":{"line":13,"column":11},"end":{"line":13,"column":30}},"6":{"start":{"line":14,"column":11},"end":{"line":14,"column":30}},"7":{"start":{"line":16,"column":16},"end":{"line":16,"column":33}},"8":{"start":{"line":17,"column":16},"end":{"line":17,"column":59}},"9":{"start":{"line":19,"column":2},"end":{"line":83,"column":3}},"10":{"start":{"line":20,"column":4},"end":{"line":20,"column":18}},"11":{"start":{"line":21,"column":4},"end":{"line":21,"column":18}},"12":{"start":{"line":22,"column":4},"end":{"line":22,"column":18}},"13":{"start":{"line":23,"column":4},"end":{"line":23,"column":18}},"14":{"start":{"line":25,"column":18},"end":{"line":25,"column":43}},"15":{"start":{"line":26,"column":19},"end":{"line":26,"column":45}},"16":{"start":{"line":28,"column":4},"end":{"line":28,"column":16}},"17":{"start":{"line":29,"column":4},"end":{"line":29,"column":16}},"18":{"start":{"line":30,"column":4},"end":{"line":30,"column":17}},"19":{"start":{"line":31,"column":4},"end":{"line":31,"column":17}},"20":{"start":{"line":33,"column":14},"end":{"line":33,"column":27}},"21":{"start":{"line":34,"column":14},"end":{"line":34,"column":27}},"22":{"start":{"line":35,"column":16},"end":{"line":35,"column":22}},"23":{"start":{"line":36,"column":16},"end":{"line":36,"column":22}},"24":{"start":{"line":38,"column":15},"end":{"line":38,"column":22}},"25":{"start":{"line":39,"column":15},"end":{"line":39,"column":22}},"26":{"start":{"line":40,"column":18},"end":{"line":40,"column":45}},"27":{"start":{"line":42,"column":4},"end":{"line":46,"column":5}},"28":{"start":{"line":43,"column":6},"end":{"line":43,"column":34}},"29":{"start":{"line":44,"column":6},"end":{"line":44,"column":19}},"30":{"start":{"line":45,"column":6},"end":{"line":45,"column":19}},"31":{"start":{"line":48,"column":4},"end":{"line":48,"column":18}},"32":{"start":{"line":49,"column":4},"end":{"line":49,"column":18}},"33":{"start":{"line":51,"column":17},"end":{"line":51,"column":75}},"34":{"start":{"line":52,"column":14},"end":{"line":52,"column":119}},"35":{"start":{"line":54,"column":4},"end":{"line":54,"column":46}},"36":{"start":{"line":55,"column":4},"end":{"line":55,"column":47}},"37":{"start":{"line":57,"column":4},"end":{"line":57,"column":34}},"38":{"start":{"line":58,"column":4},"end":{"line":58,"column":34}},"39":{"start":{"line":60,"column":4},"end":{"line":62,"column":5}},"40":{"start":{"line":61,"column":6},"end":{"line":61,"column":23}},"41":{"start":{"line":64,"column":4},"end":{"line":66,"column":5}},"42":{"start":{"line":65,"column":6},"end":{"line":65,"column":23}},"43":{"start":{"line":68,"column":4},"end":{"line":70,"column":5}},"44":{"start":{"line":69,"column":6},"end":{"line":69,"column":23}},"45":{"start":{"line":72,"column":4},"end":{"line":74,"column":5}},"46":{"start":{"line":73,"column":6},"end":{"line":73,"column":23}},"47":{"start":{"line":76,"column":4},"end":{"line":78,"column":5}},"48":{"start":{"line":77,"column":6},"end":{"line":77,"column":23}},"49":{"start":{"line":80,"column":4},"end":{"line":82,"column":5}},"50":{"start":{"line":81,"column":6},"end":{"line":81,"column":23}},"51":{"start":{"line":85,"column":2},"end":{"line":96,"column":3}},"52":{"start":{"line":86,"column":16},"end":{"line":86,"column":18}},"53":{"start":{"line":87,"column":19},"end":{"line":87,"column":62}},"54":{"start":{"line":89,"column":4},"end":{"line":89,"column":74}},"55":{"start":{"line":90,"column":4},"end":{"line":90,"column":33}},"56":{"start":{"line":91,"column":4},"end":{"line":91,"column":33}},"57":{"start":{"line":93,"column":18},"end":{"line":93,"column":59}},"58":{"start":{"line":95,"column":4},"end":{"line":95,"column":58}},"59":{"start":{"line":98,"column":12},"end":{"line":98,"column":35}},"60":{"start":{"line":99,"column":13},"end":{"line":99,"column":29}},"61":{"start":{"line":100,"column":13},"end":{"line":100,"column":29}},"62":{"start":{"line":102,"column":13},"end":{"line":102,"column":21}},"63":{"start":{"line":103,"column":13},"end":{"line":103,"column":65}},"64":{"start":{"line":104,"column":13},"end":{"line":104,"column":65}},"65":{"start":{"line":105,"column":13},"end":{"line":105,"column":21}},"66":{"start":{"line":107,"column":2},"end":{"line":107,"column":29}},"67":{"start":{"line":108,"column":2},"end":{"line":108,"column":29}},"68":{"start":{"line":110,"column":16},"end":{"line":112,"column":47}},"69":{"start":{"line":114,"column":2},"end":{"line":116,"column":3}},"70":{"start":{"line":115,"column":4},"end":{"line":115,"column":30}},"71":{"start":{"line":118,"column":2},"end":{"line":118,"column":43}}},"fnMap":{"0":{"name":"arcToCubic","decl":{"start":{"line":5,"column":24},"end":{"line":5,"column":34}},"loc":{"start":{"line":5,"column":63},"end":{"line":119,"column":1}}}},"branchMap":{"0":{"loc":{"start":{"line":5,"column":48},"end":{"line":5,"column":61}},"type":"default-arg","locations":[{"start":{"line":5,"column":57},"end":{"line":5,"column":61}}]},"1":{"loc":{"start":{"line":19,"column":2},"end":{"line":83,"column":3}},"type":"if","locations":[{"start":{"line":19,"column":2},"end":{"line":83,"column":3}},{"start":{"line":19,"column":2},"end":{"line":83,"column":3}}]},"2":{"loc":{"start":{"line":42,"column":4},"end":{"line":46,"column":5}},"type":"if","locations":[{"start":{"line":42,"column":4},"end":{"line":46,"column":5}},{"start":{"line":42,"column":4},"end":{"line":46,"column":5}}]},"3":{"loc":{"start":{"line":51,"column":17},"end":{"line":51,"column":75}},"type":"cond-expr","locations":[{"start":{"line":51,"column":69},"end":{"line":51,"column":71}},{"start":{"line":51,"column":74},"end":{"line":51,"column":75}}]},"4":{"loc":{"start":{"line":60,"column":4},"end":{"line":62,"column":5}},"type":"if","locations":[{"start":{"line":60,"column":4},"end":{"line":62,"column":5}},{"start":{"line":60,"column":4},"end":{"line":62,"column":5}}]},"5":{"loc":{"start":{"line":64,"column":4},"end":{"line":66,"column":5}},"type":"if","locations":[{"start":{"line":64,"column":4},"end":{"line":66,"column":5}},{"start":{"line":64,"column":4},"end":{"line":66,"column":5}}]},"6":{"loc":{"start":{"line":68,"column":4},"end":{"line":70,"column":5}},"type":"if","locations":[{"start":{"line":68,"column":4},"end":{"line":70,"column":5}},{"start":{"line":68,"column":4},"end":{"line":70,"column":5}}]},"7":{"loc":{"start":{"line":72,"column":4},"end":{"line":74,"column":5}},"type":"if","locations":[{"start":{"line":72,"column":4},"end":{"line":74,"column":5}},{"start":{"line":72,"column":4},"end":{"line":74,"column":5}}]},"8":{"loc":{"start":{"line":76,"column":4},"end":{"line":78,"column":5}},"type":"if","locations":[{"start":{"line":76,"column":4},"end":{"line":78,"column":5}},{"start":{"line":76,"column":4},"end":{"line":78,"column":5}}]},"9":{"loc":{"start":{"line":76,"column":8},"end":{"line":76,"column":47}},"type":"binary-expr","locations":[{"start":{"line":76,"column":8},"end":{"line":76,"column":36}},{"start":{"line":76,"column":40},"end":{"line":76,"column":47}}]},"10":{"loc":{"start":{"line":80,"column":4},"end":{"line":82,"column":5}},"type":"if","locations":[{"start":{"line":80,"column":4},"end":{"line":82,"column":5}},{"start":{"line":80,"column":4},"end":{"line":82,"column":5}}]},"11":{"loc":{"start":{"line":80,"column":8},"end":{"line":80,"column":47}},"type":"binary-expr","locations":[{"start":{"line":80,"column":8},"end":{"line":80,"column":36}},{"start":{"line":80,"column":40},"end":{"line":80,"column":47}}]},"12":{"loc":{"start":{"line":85,"column":2},"end":{"line":96,"column":3}},"type":"if","locations":[{"start":{"line":85,"column":2},"end":{"line":96,"column":3}},{"start":{"line":85,"column":2},"end":{"line":96,"column":3}}]},"13":{"loc":{"start":{"line":89,"column":24},"end":{"line":89,"column":72}},"type":"cond-expr","locations":[{"start":{"line":89,"column":66},"end":{"line":89,"column":67}},{"start":{"line":89,"column":70},"end":{"line":89,"column":72}}]},"14":{"loc":{"start":{"line":89,"column":24},"end":{"line":89,"column":63}},"type":"binary-expr","locations":[{"start":{"line":89,"column":24},"end":{"line":89,"column":52}},{"start":{"line":89,"column":56},"end":{"line":89,"column":63}}]},"15":{"loc":{"start":{"line":110,"column":16},"end":{"line":112,"column":47}},"type":"cond-expr","locations":[{"start":{"line":111,"column":4},"end":{"line":111,"column":47}},{"start":{"line":112,"column":4},"end":{"line":112,"column":47}}]},"16":{"loc":{"start":{"line":114,"column":2},"end":{"line":116,"column":3}},"type":"if","locations":[{"start":{"line":114,"column":2},"end":{"line":116,"column":3}},{"start":{"line":114,"column":2},"end":{"line":116,"column":3}}]}},"s":{"0":0,"1":0,"2":0,"3":0,"4":0,"5":0,"6":0,"7":0,"8":0,"9":0,"10":0,"11":0,"12":0,"13":0,"14":0,"15":0,"16":0,"17":0,"18":0,"19":0,"20":0,"21":0,"22":0,"23":0,"24":0,"25":0,"26":0,"27":0,"28":0,"29":0,"30":0,"31":0,"32":0,"33":0,"34":0,"35":0,"36":0,"37":0,"38":0,"39":0,"40":0,"41":0,"42":0,"43":0,"44":0,"45":0,"46":0,"47":0,"48":0,"49":0,"50":0,"51":0,"52":0,"53":0,"54":0,"55":0,"56":0,"57":0,"58":0,"59":0,"60":0,"61":0,"62":0,"63":0,"64":0,"65":0,"66":0,"67":0,"68":0,"69":0,"70":0,"71":0},"f":{"0":0},"b":{"0":[0],"1":[0,0],"2":[0,0],"3":[0,0],"4":[0,0],"5":[0,0],"6":[0,0],"7":[0,0],"8":[0,0],"9":[0,0],"10":[0,0],"11":[0,0],"12":[0,0],"13":[0,0],"14":[0,0],"15":[0,0],"16":[0,0]},"hash":"3e8e5e5af15cc6fda0b77081063fdd210ffb671f"}
,"D:\dev\polynomic\src\point\distance\index.js": {"path":"D:\\dev\\polynomic\\src\\point\\distance\\index.js","statementMap":{"0":{"start":{"line":4,"column":2},"end":{"line":4,"column":42}}},"fnMap":{"0":{"name":"distance","decl":{"start":{"line":3,"column":24},"end":{"line":3,"column":32}},"loc":{"start":{"line":3,"column":41},"end":{"line":5,"column":1}}}},"branchMap":{},"s":{"0":1},"f":{"0":1},"b":{},"hash":"8e4ed34259845cef664aabae1e636f132087afaf"}
,"D:\dev\polynomic\src\point\distance-segment\index.js": {"path":"D:\\dev\\polynomic\\src\\point\\distance-segment\\index.js","statementMap":{"0":{"start":{"line":5,"column":2},"end":{"line":5,"column":53}},"1":{"start":{"line":9,"column":18},"end":{"line":9,"column":40}},"2":{"start":{"line":11,"column":2},"end":{"line":13,"column":3}},"3":{"start":{"line":12,"column":4},"end":{"line":12,"column":33}},"4":{"start":{"line":15,"column":12},"end":{"line":15,"column":115}},"5":{"start":{"line":16,"column":13},"end":{"line":16,"column":80}},"6":{"start":{"line":18,"column":2},"end":{"line":18,"column":31}}},"fnMap":{"0":{"name":"distanceSegment","decl":{"start":{"line":4,"column":24},"end":{"line":4,"column":39}},"loc":{"start":{"line":4,"column":52},"end":{"line":6,"column":1}}},"1":{"name":"squareDistanceSegment","decl":{"start":{"line":8,"column":9},"end":{"line":8,"column":30}},"loc":{"start":{"line":8,"column":43},"end":{"line":19,"column":1}}}},"branchMap":{"0":{"loc":{"start":{"line":11,"column":2},"end":{"line":13,"column":3}},"type":"if","locations":[{"start":{"line":11,"column":2},"end":{"line":13,"column":3}},{"start":{"line":11,"column":2},"end":{"line":13,"column":3}}]}},"s":{"0":3,"1":3,"2":3,"3":0,"4":3,"5":3,"6":3},"f":{"0":3,"1":3},"b":{"0":[0,3]},"hash":"1c204f91431132e079f2fcd389d91c7765c80f58"}
,"D:\dev\polynomic\src\point\is\index.js": {"path":"D:\\dev\\polynomic\\src\\point\\is\\index.js","statementMap":{"0":{"start":{"line":4,"column":2},"end":{"line":4,"column":56}},"1":{"start":{"line":8,"column":2},"end":{"line":8,"column":27}},"2":{"start":{"line":12,"column":2},"end":{"line":12,"column":27}},"3":{"start":{"line":16,"column":2},"end":{"line":16,"column":27}},"4":{"start":{"line":20,"column":2},"end":{"line":20,"column":27}},"5":{"start":{"line":24,"column":2},"end":{"line":24,"column":27}},"6":{"start":{"line":28,"column":2},"end":{"line":28,"column":27}},"7":{"start":{"line":32,"column":2},"end":{"line":32,"column":27}},"8":{"start":{"line":36,"column":2},"end":{"line":36,"column":27}},"9":{"start":{"line":40,"column":2},"end":{"line":40,"column":27}},"10":{"start":{"line":44,"column":2},"end":{"line":44,"column":27}}},"fnMap":{"0":{"name":"is","decl":{"start":{"line":3,"column":16},"end":{"line":3,"column":18}},"loc":{"start":{"line":3,"column":32},"end":{"line":5,"column":1}}},"1":{"name":"isM","decl":{"start":{"line":7,"column":16},"end":{"line":7,"column":19}},"loc":{"start":{"line":7,"column":27},"end":{"line":9,"column":1}}},"2":{"name":"isL","decl":{"start":{"line":11,"column":16},"end":{"line":11,"column":19}},"loc":{"start":{"line":11,"column":27},"end":{"line":13,"column":1}}},"3":{"name":"isH","decl":{"start":{"line":15,"column":16},"end":{"line":15,"column":19}},"loc":{"start":{"line":15,"column":27},"end":{"line":17,"column":1}}},"4":{"name":"isV","decl":{"start":{"line":19,"column":16},"end":{"line":19,"column":19}},"loc":{"start":{"line":19,"column":27},"end":{"line":21,"column":1}}},"5":{"name":"isQ","decl":{"start":{"line":23,"column":16},"end":{"line":23,"column":19}},"loc":{"start":{"line":23,"column":27},"end":{"line":25,"column":1}}},"6":{"name":"isT","decl":{"start":{"line":27,"column":16},"end":{"line":27,"column":19}},"loc":{"start":{"line":27,"column":27},"end":{"line":29,"column":1}}},"7":{"name":"isC","decl":{"start":{"line":31,"column":16},"end":{"line":31,"column":19}},"loc":{"start":{"line":31,"column":27},"end":{"line":33,"column":1}}},"8":{"name":"isS","decl":{"start":{"line":35,"column":16},"end":{"line":35,"column":19}},"loc":{"start":{"line":35,"column":27},"end":{"line":37,"column":1}}},"9":{"name":"isA","decl":{"start":{"line":39,"column":16},"end":{"line":39,"column":19}},"loc":{"start":{"line":39,"column":27},"end":{"line":41,"column":1}}},"10":{"name":"isZ","decl":{"start":{"line":43,"column":16},"end":{"line":43,"column":19}},"loc":{"start":{"line":43,"column":27},"end":{"line":45,"column":1}}}},"branchMap":{},"s":{"0":623,"1":283,"2":13,"3":49,"4":48,"5":13,"6":31,"7":34,"8":52,"9":29,"10":71},"f":{"0":623,"1":283,"2":13,"3":49,"4":48,"5":13,"6":31,"7":34,"8":52,"9":29,"10":71},"b":{},"hash":"c6ad42032a3780b473f9837a351bb03ef8a32e49"}
,"D:\dev\polynomic\src\point\is-inside\index.js": {"path":"D:\\dev\\polynomic\\src\\point\\is-inside\\index.js","statementMap":{"0":{"start":{"line":2,"column":15},"end":{"line":2,"column":20}},"1":{"start":{"line":4,"column":2},"end":{"line":16,"column":3}},"2":{"start":{"line":5,"column":20},"end":{"line":5,"column":27}},"3":{"start":{"line":6,"column":21},"end":{"line":6,"column":28}},"4":{"start":{"line":7,"column":18},"end":{"line":7,"column":69}},"5":{"start":{"line":8,"column":33},"end":{"line":8,"column":81}},"6":{"start":{"line":9,"column":33},"end":{"line":9,"column":86}},"7":{"start":{"line":11,"column":4},"end":{"line":13,"column":5}},"8":{"start":{"line":12,"column":6},"end":{"line":12,"column":22}},"9":{"start":{"line":15,"column":4},"end":{"line":15,"column":9}},"10":{"start":{"line":18,"column":2},"end":{"line":18,"column":15}}},"fnMap":{"0":{"name":"isInside","decl":{"start":{"line":1,"column":24},"end":{"line":1,"column":32}},"loc":{"start":{"line":1,"column":46},"end":{"line":19,"column":1}}}},"branchMap":{"0":{"loc":{"start":{"line":11,"column":4},"end":{"line":13,"column":5}},"type":"if","locations":[{"start":{"line":11,"column":4},"end":{"line":13,"column":5}},{"start":{"line":11,"column":4},"end":{"line":13,"column":5}}]},"1":{"loc":{"start":{"line":11,"column":8},"end":{"line":11,"column":51}},"type":"binary-expr","locations":[{"start":{"line":11,"column":8},"end":{"line":11,"column":27}},{"start":{"line":11,"column":31},"end":{"line":11,"column":51}}]}},"s":{"0":2,"1":2,"2":8,"3":8,"4":8,"5":8,"6":8,"7":8,"8":1,"9":8,"10":2},"f":{"0":2},"b":{"0":[1,7],"1":[8,4]},"hash":"960183b9a823cd41cf3e9e3d5a387ff07db0e968"}
,"D:\dev\polynomic\src\point\is-relative\index.js": {"path":"D:\\dev\\polynomic\\src\\point\\is-relative\\index.js","statementMap":{"0":{"start":{"line":2,"column":2},"end":{"line":2,"column":48}}},"fnMap":{"0":{"name":"isRelative","decl":{"start":{"line":1,"column":24},"end":{"line":1,"column":34}},"loc":{"start":{"line":1,"column":42},"end":{"line":3,"column":1}}}},"branchMap":{},"s":{"0":16},"f":{"0":16},"b":{},"hash":"f6371124e787d1ca4933fd539d82f6dd8711827e"}
,"D:\dev\polynomic\src\point\line-to-cubic\index.js": {"path":"D:\\dev\\polynomic\\src\\point\\line-to-cubic\\index.js","statementMap":{"0":{"start":{"line":5,"column":2},"end":{"line":7,"column":57}}},"fnMap":{"0":{"name":"lineToCubic","decl":{"start":{"line":4,"column":24},"end":{"line":4,"column":35}},"loc":{"start":{"line":4,"column":49},"end":{"line":8,"column":1}}}},"branchMap":{"0":{"loc":{"start":{"line":5,"column":9},"end":{"line":7,"column":57}},"type":"cond-expr","locations":[{"start":{"line":6,"column":4},"end":{"line":6,"column":57}},{"start":{"line":7,"column":4},"end":{"line":7,"column":57}}]}},"s":{"0":5},"f":{"0":5},"b":{"0":[0,5]},"hash":"61eac5317511dec6feffbd091698eb9ffd88194b"}
,"D:\dev\polynomic\src\point\min-max\index.js": {"path":"D:\\dev\\polynomic\\src\\point\\min-max\\index.js","statementMap":{"0":{"start":{"line":4,"column":2},"end":{"line":4,"column":64}},"1":{"start":{"line":8,"column":2},"end":{"line":8,"column":64}}},"fnMap":{"0":{"name":"min","decl":{"start":{"line":3,"column":16},"end":{"line":3,"column":19}},"loc":{"start":{"line":3,"column":28},"end":{"line":5,"column":1}}},"1":{"name":"max","decl":{"start":{"line":7,"column":16},"end":{"line":7,"column":19}},"loc":{"start":{"line":7,"column":28},"end":{"line":9,"column":1}}}},"branchMap":{},"s":{"0":1,"1":1},"f":{"0":1,"1":1},"b":{},"hash":"fa12f2eeaf9c53e5744fe21f4881e569bab7475b"}
,"D:\dev\polynomic\src\point\points\index.js": {"path":"D:\\dev\\polynomic\\src\\point\\points\\index.js","statementMap":{"0":{"start":{"line":5,"column":2},"end":{"line":10,"column":3}},"1":{"start":{"line":13,"column":28},"end":{"line":13,"column":45}},"2":{"start":{"line":16,"column":2},"end":{"line":16,"column":49}},"3":{"start":{"line":20,"column":2},"end":{"line":20,"column":29}},"4":{"start":{"line":24,"column":2},"end":{"line":24,"column":49}},"5":{"start":{"line":28,"column":2},"end":{"line":28,"column":29}},"6":{"start":{"line":32,"column":2},"end":{"line":32,"column":44}},"7":{"start":{"line":36,"column":2},"end":{"line":36,"column":34}},"8":{"start":{"line":40,"column":2},"end":{"line":40,"column":44}},"9":{"start":{"line":44,"column":2},"end":{"line":44,"column":34}},"10":{"start":{"line":48,"column":2},"end":{"line":51,"column":4}},"11":{"start":{"line":55,"column":2},"end":{"line":58,"column":4}},"12":{"start":{"line":62,"column":19},"end":{"line":65,"column":3}},"13":{"start":{"line":67,"column":2},"end":{"line":72,"column":3}},"14":{"start":{"line":68,"column":4},"end":{"line":71,"column":5}},"15":{"start":{"line":74,"column":2},"end":{"line":74,"column":61}},"16":{"start":{"line":78,"column":19},"end":{"line":81,"column":3}},"17":{"start":{"line":83,"column":2},"end":{"line":88,"column":3}},"18":{"start":{"line":84,"column":4},"end":{"line":87,"column":5}},"19":{"start":{"line":90,"column":2},"end":{"line":90,"column":41}},"20":{"start":{"line":94,"column":2},"end":{"line":99,"column":4}},"21":{"start":{"line":103,"column":2},"end":{"line":108,"column":4}},"22":{"start":{"line":112,"column":19},"end":{"line":117,"column":3}},"23":{"start":{"line":119,"column":2},"end":{"line":125,"column":3}},"24":{"start":{"line":120,"column":4},"end":{"line":124,"column":5}},"25":{"start":{"line":127,"column":2},"end":{"line":127,"column":61}},"26":{"start":{"line":131,"column":19},"end":{"line":136,"column":3}},"27":{"start":{"line":138,"column":2},"end":{"line":144,"column":3}},"28":{"start":{"line":139,"column":4},"end":{"line":143,"column":5}},"29":{"start":{"line":146,"column":2},"end":{"line":146,"column":41}},"30":{"start":{"line":150,"column":2},"end":{"line":156,"column":4}},"31":{"start":{"line":160,"column":2},"end":{"line":166,"column":4}},"32":{"start":{"line":170,"column":2},"end":{"line":170,"column":45}},"33":{"start":{"line":174,"column":2},"end":{"line":174,"column":45}}},"fnMap":{"0":{"name":"Point","decl":{"start":{"line":4,"column":16},"end":{"line":4,"column":21}},"loc":{"start":{"line":4,"column":51},"end":{"line":11,"column":1}}},"1":{"name":"m","decl":{"start":{"line":15,"column":16},"end":{"line":15,"column":17}},"loc":{"start":{"line":15,"column":47},"end":{"line":17,"column":1}}},"2":{"name":"M","decl":{"start":{"line":19,"column":16},"end":{"line":19,"column":17}},"loc":{"start":{"line":19,"column":24},"end":{"line":21,"column":1}}},"3":{"name":"l","decl":{"start":{"line":23,"column":16},"end":{"line":23,"column":17}},"loc":{"start":{"line":23,"column":47},"end":{"line":25,"column":1}}},"4":{"name":"L","decl":{"start":{"line":27,"column":16},"end":{"line":27,"column":17}},"loc":{"start":{"line":27,"column":24},"end":{"line":29,"column":1}}},"5":{"name":"h","decl":{"start":{"line":31,"column":16},"end":{"line":31,"column":17}},"loc":{"start":{"line":31,"column":43},"end":{"line":33,"column":1}}},"6":{"name":"H","decl":{"start":{"line":35,"column":16},"end":{"line":35,"column":17}},"loc":{"start":{"line":35,"column":42},"end":{"line":37,"column":1}}},"7":{"name":"v","decl":{"start":{"line":39,"column":16},"end":{"line":39,"column":17}},"loc":{"start":{"line":39,"column":43},"end":{"line":41,"column":1}}},"8":{"name":"V","decl":{"start":{"line":43,"column":16},"end":{"line":43,"column":17}},"loc":{"start":{"line":43,"column":42},"end":{"line":45,"column":1}}},"9":{"name":"q","decl":{"start":{"line":47,"column":16},"end":{"line":47,"column":17}},"loc":{"start":{"line":47,"column":57},"end":{"line":52,"column":1}}},"10":{"name":"Q","decl":{"start":{"line":54,"column":16},"end":{"line":54,"column":17}},"loc":{"start":{"line":54,"column":32},"end":{"line":59,"column":1}}},"11":{"name":"t","decl":{"start":{"line":61,"column":16},"end":{"line":61,"column":17}},"loc":{"start":{"line":61,"column":47},"end":{"line":75,"column":1}}},"12":{"name":"T","decl":{"start":{"line":77,"column":16},"end":{"line":77,"column":17}},"loc":{"start":{"line":77,"column":45},"end":{"line":91,"column":1}}},"13":{"name":"c","decl":{"start":{"line":93,"column":16},"end":{"line":93,"column":17}},"loc":{"start":{"line":93,"column":67},"end":{"line":100,"column":1}}},"14":{"name":"C","decl":{"start":{"line":102,"column":16},"end":{"line":102,"column":17}},"loc":{"start":{"line":102,"column":40},"end":{"line":109,"column":1}}},"15":{"name":"s","decl":{"start":{"line":111,"column":16},"end":{"line":111,"column":17}},"loc":{"start":{"line":111,"column":57},"end":{"line":128,"column":1}}},"16":{"name":"S","decl":{"start":{"line":130,"column":16},"end":{"line":130,"column":17}},"loc":{"start":{"line":130,"column":53},"end":{"line":147,"column":1}}},"17":{"name":"a","decl":{"start":{"line":149,"column":16},"end":{"line":149,"column":17}},"loc":{"start":{"line":149,"column":79},"end":{"line":157,"column":1}}},"18":{"name":"A","decl":{"start":{"line":159,"column":16},"end":{"line":159,"column":17}},"loc":{"start":{"line":159,"column":56},"end":{"line":167,"column":1}}},"19":{"name":"z","decl":{"start":{"line":169,"column":16},"end":{"line":169,"column":17}},"loc":{"start":{"line":169,"column":42},"end":{"line":171,"column":1}}},"20":{"name":"Z","decl":{"start":{"line":173,"column":16},"end":{"line":173,"column":17}},"loc":{"start":{"line":173,"column":42},"end":{"line":175,"column":1}}}},"branchMap":{"0":{"loc":{"start":{"line":4,"column":34},"end":{"line":4,"column":49}},"type":"default-arg","locations":[{"start":{"line":4,"column":47},"end":{"line":4,"column":49}}]},"1":{"loc":{"start":{"line":15,"column":26},"end":{"line":15,"column":45}},"type":"default-arg","locations":[{"start":{"line":15,"column":33},"end":{"line":15,"column":45}}]},"2":{"loc":{"start":{"line":23,"column":26},"end":{"line":23,"column":45}},"type":"default-arg","locations":[{"start":{"line":23,"column":33},"end":{"line":23,"column":45}}]},"3":{"loc":{"start":{"line":31,"column":22},"end":{"line":31,"column":41}},"type":"default-arg","locations":[{"start":{"line":31,"column":29},"end":{"line":31,"column":41}}]},"4":{"loc":{"start":{"line":35,"column":21},"end":{"line":35,"column":40}},"type":"default-arg","locations":[{"start":{"line":35,"column":28},"end":{"line":35,"column":40}}]},"5":{"loc":{"start":{"line":39,"column":22},"end":{"line":39,"column":41}},"type":"default-arg","locations":[{"start":{"line":39,"column":29},"end":{"line":39,"column":41}}]},"6":{"loc":{"start":{"line":43,"column":21},"end":{"line":43,"column":40}},"type":"default-arg","locations":[{"start":{"line":43,"column":28},"end":{"line":43,"column":40}}]},"7":{"loc":{"start":{"line":47,"column":36},"end":{"line":47,"column":55}},"type":"default-arg","locations":[{"start":{"line":47,"column":43},"end":{"line":47,"column":55}}]},"8":{"loc":{"start":{"line":61,"column":26},"end":{"line":61,"column":45}},"type":"default-arg","locations":[{"start":{"line":61,"column":33},"end":{"line":61,"column":45}}]},"9":{"loc":{"start":{"line":67,"column":2},"end":{"line":72,"column":3}},"type":"if","locations":[{"start":{"line":67,"column":2},"end":{"line":72,"column":3}},{"start":{"line":67,"column":2},"end":{"line":72,"column":3}}]},"10":{"loc":{"start":{"line":67,"column":6},"end":{"line":67,"column":28}},"type":"binary-expr","locations":[{"start":{"line":67,"column":6},"end":{"line":67,"column":15}},{"start":{"line":67,"column":19},"end":{"line":67,"column":28}}]},"11":{"loc":{"start":{"line":77,"column":24},"end":{"line":77,"column":43}},"type":"default-arg","locations":[{"start":{"line":77,"column":31},"end":{"line":77,"column":43}}]},"12":{"loc":{"start":{"line":83,"column":2},"end":{"line":88,"column":3}},"type":"if","locations":[{"start":{"line":83,"column":2},"end":{"line":88,"column":3}},{"start":{"line":83,"column":2},"end":{"line":88,"column":3}}]},"13":{"loc":{"start":{"line":83,"column":6},"end":{"line":83,"column":28}},"type":"binary-expr","locations":[{"start":{"line":83,"column":6},"end":{"line":83,"column":15}},{"start":{"line":83,"column":19},"end":{"line":83,"column":28}}]},"14":{"loc":{"start":{"line":93,"column":46},"end":{"line":93,"column":65}},"type":"default-arg","locations":[{"start":{"line":93,"column":53},"end":{"line":93,"column":65}}]},"15":{"loc":{"start":{"line":111,"column":36},"end":{"line":111,"column":55}},"type":"default-arg","locations":[{"start":{"line":111,"column":43},"end":{"line":111,"column":55}}]},"16":{"loc":{"start":{"line":119,"column":2},"end":{"line":125,"column":3}},"type":"if","locations":[{"start":{"line":119,"column":2},"end":{"line":125,"column":3}},{"start":{"line":119,"column":2},"end":{"line":125,"column":3}}]},"17":{"loc":{"start":{"line":119,"column":6},"end":{"line":119,"column":28}},"type":"binary-expr","locations":[{"start":{"line":119,"column":6},"end":{"line":119,"column":15}},{"start":{"line":119,"column":19},"end":{"line":119,"column":28}}]},"18":{"loc":{"start":{"line":130,"column":32},"end":{"line":130,"column":51}},"type":"default-arg","locations":[{"start":{"line":130,"column":39},"end":{"line":130,"column":51}}]},"19":{"loc":{"start":{"line":138,"column":2},"end":{"line":144,"column":3}},"type":"if","locations":[{"start":{"line":138,"column":2},"end":{"line":144,"column":3}},{"start":{"line":138,"column":2},"end":{"line":144,"column":3}}]},"20":{"loc":{"start":{"line":138,"column":6},"end":{"line":138,"column":28}},"type":"binary-expr","locations":[{"start":{"line":138,"column":6},"end":{"line":138,"column":15}},{"start":{"line":138,"column":19},"end":{"line":138,"column":28}}]},"21":{"loc":{"start":{"line":149,"column":58},"end":{"line":149,"column":77}},"type":"default-arg","locations":[{"start":{"line":149,"column":65},"end":{"line":149,"column":77}}]},"22":{"loc":{"start":{"line":169,"column":18},"end":{"line":169,"column":40}},"type":"default-arg","locations":[{"start":{"line":169,"column":28},"end":{"line":169,"column":40}}]},"23":{"loc":{"start":{"line":173,"column":18},"end":{"line":173,"column":40}},"type":"default-arg","locations":[{"start":{"line":173,"column":28},"end":{"line":173,"column":40}}]}},"s":{"0":470,"1":22,"2":10,"3":98,"4":24,"5":96,"6":10,"7":6,"8":10,"9":6,"10":0,"11":27,"12":6,"13":6,"14":6,"15":6,"16":3,"17":3,"18":2,"19":3,"20":4,"21":14,"22":6,"23":6,"24":6,"25":6,"26":2,"27":2,"28":1,"29":2,"30":4,"31":2,"32":28,"33":4},"f":{"0":470,"1":10,"2":98,"3":24,"4":96,"5":10,"6":6,"7":10,"8":6,"9":0,"10":27,"11":6,"12":3,"13":4,"14":14,"15":6,"16":2,"17":4,"18":2,"19":28,"20":4},"b":{"0":[333],"1":[2],"2":[1],"3":[0],"4":[0],"5":[0],"6":[0],"7":[0],"8":[0],"9":[6,0],"10":[6,0],"11":[0],"12":[2,1],"13":[3,2],"14":[0],"15":[0],"16":[6,0],"17":[6,0],"18":[0],"19":[1,1],"20":[2,1],"21":[0],"22":[0],"23":[0]},"hash":"25ab7da006554cb55bf21f37df8996bcfc130a0d"}
,"D:\dev\polynomic\src\point\points\types.js": {"path":"D:\\dev\\polynomic\\src\\point\\points\\types.js","statementMap":{"0":{"start":{"line":1,"column":17},"end":{"line":1,"column":20}},"1":{"start":{"line":2,"column":17},"end":{"line":2,"column":20}},"2":{"start":{"line":3,"column":17},"end":{"line":3,"column":20}},"3":{"start":{"line":4,"column":17},"end":{"line":4,"column":20}},"4":{"start":{"line":5,"column":17},"end":{"line":5,"column":20}},"5":{"start":{"line":6,"column":17},"end":{"line":6,"column":20}},"6":{"start":{"line":7,"column":17},"end":{"line":7,"column":20}},"7":{"start":{"line":8,"column":17},"end":{"line":8,"column":20}},"8":{"start":{"line":9,"column":17},"end":{"line":9,"column":20}},"9":{"start":{"line":10,"column":17},"end":{"line":10,"column":20}},"10":{"start":{"line":11,"column":17},"end":{"line":11,"column":20}},"11":{"start":{"line":12,"column":17},"end":{"line":12,"column":20}},"12":{"start":{"line":13,"column":17},"end":{"line":13,"column":20}},"13":{"start":{"line":14,"column":17},"end":{"line":14,"column":20}},"14":{"start":{"line":15,"column":17},"end":{"line":15,"column":20}},"15":{"start":{"line":16,"column":17},"end":{"line":16,"column":20}},"16":{"start":{"line":17,"column":17},"end":{"line":17,"column":20}},"17":{"start":{"line":18,"column":17},"end":{"line":18,"column":20}},"18":{"start":{"line":19,"column":17},"end":{"line":19,"column":20}},"19":{"start":{"line":20,"column":17},"end":{"line":20,"column":20}}},"fnMap":{},"branchMap":{},"s":{"0":22,"1":22,"2":22,"3":22,"4":22,"5":22,"6":22,"7":22,"8":22,"9":22,"10":22,"11":22,"12":22,"13":22,"14":22,"15":22,"16":22,"17":22,"18":22,"19":22},"f":{},"b":{},"hash":"e1f14b6ce67670a2cd4231b810a1ab8a1bdae211"}
,"D:\dev\polynomic\src\point\quadratic-to-cubic\index.js": {"path":"D:\\dev\\polynomic\\src\\point\\quadratic-to-cubic\\index.js","statementMap":{"0":{"start":{"line":5,"column":13},"end":{"line":5,"column":65}},"1":{"start":{"line":6,"column":13},"end":{"line":6,"column":65}},"2":{"start":{"line":7,"column":13},"end":{"line":7,"column":66}},"3":{"start":{"line":8,"column":13},"end":{"line":8,"column":66}},"4":{"start":{"line":10,"column":2},"end":{"line":12,"column":39}}},"fnMap":{"0":{"name":"quadraticToCubic","decl":{"start":{"line":4,"column":24},"end":{"line":4,"column":40}},"loc":{"start":{"line":4,"column":54},"end":{"line":13,"column":1}}}},"branchMap":{"0":{"loc":{"start":{"line":10,"column":9},"end":{"line":12,"column":39}},"type":"cond-expr","locations":[{"start":{"line":11,"column":4},"end":{"line":11,"column":39}},{"start":{"line":12,"column":4},"end":{"line":12,"column":39}}]}},"s":{"0":0,"1":0,"2":0,"3":0,"4":0},"f":{"0":0},"b":{"0":[0,0]},"hash":"d5400a868816802d6b4e06adc296bd17b0f645ee"}
,"D:\dev\polynomic\src\point\square-distance\index.js": {"path":"D:\\dev\\polynomic\\src\\point\\square-distance\\index.js","statementMap":{"0":{"start":{"line":2,"column":2},"end":{"line":2,"column":52}}},"fnMap":{"0":{"name":"squareDistance","decl":{"start":{"line":1,"column":24},"end":{"line":1,"column":38}},"loc":{"start":{"line":1,"column":47},"end":{"line":3,"column":1}}}},"branchMap":{},"s":{"0":7},"f":{"0":7},"b":{},"hash":"a22c3c08a917d346366d268c13d020a7aebf1058"}
,"D:\dev\polynomic\src\point\to-cubic\index.js": {"path":"D:\\dev\\polynomic\\src\\point\\to-cubic\\index.js","statementMap":{"0":{"start":{"line":7,"column":2},"end":{"line":9,"column":3}},"1":{"start":{"line":8,"column":4},"end":{"line":8,"column":35}},"2":{"start":{"line":11,"column":2},"end":{"line":13,"column":3}},"3":{"start":{"line":12,"column":4},"end":{"line":12,"column":40}},"4":{"start":{"line":15,"column":2},"end":{"line":17,"column":3}},"5":{"start":{"line":16,"column":4},"end":{"line":16,"column":34}},"6":{"start":{"line":19,"column":2},"end":{"line":19,"column":14}}},"fnMap":{"0":{"name":"toCubic","decl":{"start":{"line":6,"column":24},"end":{"line":6,"column":31}},"loc":{"start":{"line":6,"column":45},"end":{"line":20,"column":1}}}},"branchMap":{"0":{"loc":{"start":{"line":7,"column":2},"end":{"line":9,"column":3}},"type":"if","locations":[{"start":{"line":7,"column":2},"end":{"line":9,"column":3}},{"start":{"line":7,"column":2},"end":{"line":9,"column":3}}]},"1":{"loc":{"start":{"line":7,"column":6},"end":{"line":7,"column":44}},"type":"binary-expr","locations":[{"start":{"line":7,"column":6},"end":{"line":7,"column":16}},{"start":{"line":7,"column":20},"end":{"line":7,"column":30}},{"start":{"line":7,"column":34},"end":{"line":7,"column":44}}]},"2":{"loc":{"start":{"line":11,"column":2},"end":{"line":13,"column":3}},"type":"if","locations":[{"start":{"line":11,"column":2},"end":{"line":13,"column":3}},{"start":{"line":11,"column":2},"end":{"line":13,"column":3}}]},"3":{"loc":{"start":{"line":11,"column":6},"end":{"line":11,"column":30}},"type":"binary-expr","locations":[{"start":{"line":11,"column":6},"end":{"line":11,"column":16}},{"start":{"line":11,"column":20},"end":{"line":11,"column":30}}]},"4":{"loc":{"start":{"line":15,"column":2},"end":{"line":17,"column":3}},"type":"if","locations":[{"start":{"line":15,"column":2},"end":{"line":17,"column":3}},{"start":{"line":15,"column":2},"end":{"line":17,"column":3}}]}},"s":{"0":8,"1":5,"2":3,"3":0,"4":3,"5":0,"6":3},"f":{"0":8},"b":{"0":[5,3],"1":[8,3,3],"2":[0,3],"3":[3,3],"4":[0,3]},"hash":"7e0d16831be95345c92148fd6e1ff2bf93deef17"}
,"D:\dev\polynomic\src\transforms\matrix\index.js": {"path":"D:\\dev\\polynomic\\src\\transforms\\matrix\\index.js","statementMap":{"0":{"start":{"line":6,"column":26},"end":{"line":6,"column":38}},"1":{"start":{"line":8,"column":2},"end":{"line":55,"column":4}},"2":{"start":{"line":9,"column":17},"end":{"line":9,"column":45}},"3":{"start":{"line":11,"column":15},"end":{"line":11,"column":61}},"4":{"start":{"line":12,"column":15},"end":{"line":12,"column":61}},"5":{"start":{"line":13,"column":16},"end":{"line":13,"column":78}},"6":{"start":{"line":14,"column":16},"end":{"line":14,"column":78}},"7":{"start":{"line":15,"column":16},"end":{"line":15,"column":78}},"8":{"start":{"line":16,"column":16},"end":{"line":16,"column":78}},"9":{"start":{"line":19,"column":19},"end":{"line":19,"column":46}},"10":{"start":{"line":22,"column":15},"end":{"line":22,"column":25}},"11":{"start":{"line":24,"column":4},"end":{"line":29,"column":5}},"12":{"start":{"line":28,"column":6},"end":{"line":28,"column":42}},"13":{"start":{"line":34,"column":4},"end":{"line":36,"column":5}},"14":{"start":{"line":35,"column":6},"end":{"line":35,"column":46}},"15":{"start":{"line":38,"column":4},"end":{"line":40,"column":5}},"16":{"start":{"line":39,"column":6},"end":{"line":39,"column":46}},"17":{"start":{"line":42,"column":23},"end":{"line":48,"column":5}},"18":{"start":{"line":52,"column":4},"end":{"line":52,"column":53}},"19":{"start":{"line":54,"column":4},"end":{"line":54,"column":28}},"20":{"start":{"line":59,"column":14},"end":{"line":59,"column":28}},"21":{"start":{"line":60,"column":14},"end":{"line":60,"column":28}},"22":{"start":{"line":61,"column":14},"end":{"line":61,"column":28}},"23":{"start":{"line":62,"column":14},"end":{"line":62,"column":28}},"24":{"start":{"line":63,"column":14},"end":{"line":63,"column":28}},"25":{"start":{"line":64,"column":14},"end":{"line":64,"column":28}},"26":{"start":{"line":65,"column":14},"end":{"line":65,"column":28}},"27":{"start":{"line":66,"column":14},"end":{"line":66,"column":28}},"28":{"start":{"line":67,"column":14},"end":{"line":67,"column":28}},"29":{"start":{"line":68,"column":13},"end":{"line":68,"column":17}},"30":{"start":{"line":69,"column":13},"end":{"line":69,"column":17}},"31":{"start":{"line":70,"column":13},"end":{"line":70,"column":17}},"32":{"start":{"line":72,"column":2},"end":{"line":76,"column":3}}},"fnMap":{"0":{"name":"matrix","decl":{"start":{"line":5,"column":24},"end":{"line":5,"column":30}},"loc":{"start":{"line":5,"column":40},"end":{"line":56,"column":1}}},"1":{"name":"(anonymous_1)","decl":{"start":{"line":8,"column":18},"end":{"line":8,"column":19}},"loc":{"start":{"line":8,"column":36},"end":{"line":55,"column":3}}},"2":{"name":"multiply3x1","decl":{"start":{"line":58,"column":9},"end":{"line":58,"column":20}},"loc":{"start":{"line":58,"column":27},"end":{"line":77,"column":1}}}},"branchMap":{"0":{"loc":{"start":{"line":9,"column":17},"end":{"line":9,"column":45}},"type":"binary-expr","locations":[{"start":{"line":9,"column":17},"end":{"line":9,"column":26}},{"start":{"line":9,"column":30},"end":{"line":9,"column":45}}]},"1":{"loc":{"start":{"line":11,"column":15},"end":{"line":11,"column":61}},"type":"cond-expr","locations":[{"start":{"line":11,"column":45},"end":{"line":11,"column":52}},{"start":{"line":11,"column":55},"end":{"line":11,"column":61}}]},"2":{"loc":{"start":{"line":12,"column":15},"end":{"line":12,"column":61}},"type":"cond-expr","locations":[{"start":{"line":12,"column":45},"end":{"line":12,"column":52}},{"start":{"line":12,"column":55},"end":{"line":12,"column":61}}]},"3":{"loc":{"start":{"line":13,"column":16},"end":{"line":13,"column":78}},"type":"binary-expr","locations":[{"start":{"line":13,"column":16},"end":{"line":13,"column":55}},{"start":{"line":13,"column":59},"end":{"line":13,"column":78}}]},"4":{"loc":{"start":{"line":14,"column":16},"end":{"line":14,"column":78}},"type":"binary-expr","locations":[{"start":{"line":14,"column":16},"end":{"line":14,"column":55}},{"start":{"line":14,"column":59},"end":{"line":14,"column":78}}]},"5":{"loc":{"start":{"line":15,"column":16},"end":{"line":15,"column":78}},"type":"binary-expr","locations":[{"start":{"line":15,"column":16},"end":{"line":15,"column":55}},{"start":{"line":15,"column":59},"end":{"line":15,"column":78}}]},"6":{"loc":{"start":{"line":16,"column":16},"end":{"line":16,"column":78}},"type":"binary-expr","locations":[{"start":{"line":16,"column":16},"end":{"line":16,"column":55}},{"start":{"line":16,"column":59},"end":{"line":16,"column":78}}]},"7":{"loc":{"start":{"line":24,"column":4},"end":{"line":29,"column":5}},"type":"if","locations":[{"start":{"line":24,"column":4},"end":{"line":29,"column":5}},{"start":{"line":24,"column":4},"end":{"line":29,"column":5}}]},"8":{"loc":{"start":{"line":25,"column":6},"end":{"line":26,"column":50}},"type":"binary-expr","locations":[{"start":{"line":25,"column":7},"end":{"line":25,"column":17}},{"start":{"line":25,"column":21},"end":{"line":25,"column":46}},{"start":{"line":26,"column":10},"end":{"line":26,"column":20}},{"start":{"line":26,"column":24},"end":{"line":26,"column":49}}]},"9":{"loc":{"start":{"line":28,"column":13},"end":{"line":28,"column":42}},"type":"cond-expr","locations":[{"start":{"line":28,"column":33},"end":{"line":28,"column":36}},{"start":{"line":28,"column":39},"end":{"line":28,"column":42}}]},"10":{"loc":{"start":{"line":34,"column":4},"end":{"line":36,"column":5}},"type":"if","locations":[{"start":{"line":34,"column":4},"end":{"line":36,"column":5}},{"start":{"line":34,"column":4},"end":{"line":36,"column":5}}]},"11":{"loc":{"start":{"line":34,"column":8},"end":{"line":34,"column":38}},"type":"binary-expr","locations":[{"start":{"line":34,"column":8},"end":{"line":34,"column":21}},{"start":{"line":34,"column":25},"end":{"line":34,"column":38}}]},"12":{"loc":{"start":{"line":38,"column":4},"end":{"line":40,"column":5}},"type":"if","locations":[{"start":{"line":38,"column":4},"end":{"line":40,"column":5}},{"start":{"line":38,"column":4},"end":{"line":40,"column":5}}]},"13":{"loc":{"start":{"line":38,"column":8},"end":{"line":38,"column":38}},"type":"binary-expr","locations":[{"start":{"line":38,"column":8},"end":{"line":38,"column":21}},{"start":{"line":38,"column":25},"end":{"line":38,"column":38}}]},"14":{"loc":{"start":{"line":44,"column":10},"end":{"line":44,"column":45}},"type":"binary-expr","locations":[{"start":{"line":44,"column":10},"end":{"line":44,"column":35}},{"start":{"line":44,"column":39},"end":{"line":44,"column":45}}]},"15":{"loc":{"start":{"line":45,"column":10},"end":{"line":45,"column":45}},"type":"binary-expr","locations":[{"start":{"line":45,"column":10},"end":{"line":45,"column":35}},{"start":{"line":45,"column":39},"end":{"line":45,"column":45}}]},"16":{"loc":{"start":{"line":46,"column":10},"end":{"line":46,"column":45}},"type":"binary-expr","locations":[{"start":{"line":46,"column":10},"end":{"line":46,"column":35}},{"start":{"line":46,"column":39},"end":{"line":46,"column":45}}]},"17":{"loc":{"start":{"line":47,"column":10},"end":{"line":47,"column":45}},"type":"binary-expr","locations":[{"start":{"line":47,"column":10},"end":{"line":47,"column":35}},{"start":{"line":47,"column":39},"end":{"line":47,"column":45}}]}},"s":{"0":16,"1":16,"2":43,"3":43,"4":43,"5":43,"6":43,"7":43,"8":43,"9":43,"10":43,"11":43,"12":0,"13":43,"14":7,"15":43,"16":0,"17":43,"18":43,"19":43,"20":50,"21":50,"22":50,"23":50,"24":50,"25":50,"26":50,"27":50,"28":50,"29":50,"30":50,"31":50,"32":50},"f":{"0":16,"1":43,"2":50},"b":{"0":[43,27],"1":[43,0],"2":[43,0],"3":[43,7],"4":[43,7],"5":[43,0],"6":[43,0],"7":[0,43],"8":[43,0,43,0],"9":[0,0],"10":[7,36],"11":[43,7],"12":[0,43],"13":[43,0],"14":[43,7],"15":[43,7],"16":[43,0],"17":[43,0]},"hash":"c35269f3ef3e4db20dead565f9a996f70dcc2f31"}
,"D:\dev\polynomic\src\transforms\matrix-origin\index.js": {"path":"D:\\dev\\polynomic\\src\\transforms\\matrix-origin\\index.js","statementMap":{"0":{"start":{"line":6,"column":17},"end":{"line":6,"column":43}},"1":{"start":{"line":8,"column":2},"end":{"line":14,"column":3}},"2":{"start":{"line":9,"column":4},"end":{"line":9,"column":48}},"3":{"start":{"line":10,"column":4},"end":{"line":10,"column":26}},"4":{"start":{"line":11,"column":4},"end":{"line":11,"column":46}},"5":{"start":{"line":13,"column":4},"end":{"line":13,"column":26}},"6":{"start":{"line":16,"column":2},"end":{"line":16,"column":13}}},"fnMap":{"0":{"name":"matrixOrigin","decl":{"start":{"line":5,"column":24},"end":{"line":5,"column":36}},"loc":{"start":{"line":5,"column":60},"end":{"line":17,"column":1}}}},"branchMap":{"0":{"loc":{"start":{"line":5,"column":46},"end":{"line":5,"column":51}},"type":"default-arg","locations":[{"start":{"line":5,"column":50},"end":{"line":5,"column":51}}]},"1":{"loc":{"start":{"line":5,"column":53},"end":{"line":5,"column":58}},"type":"default-arg","locations":[{"start":{"line":5,"column":57},"end":{"line":5,"column":58}}]},"2":{"loc":{"start":{"line":8,"column":2},"end":{"line":14,"column":3}},"type":"if","locations":[{"start":{"line":8,"column":2},"end":{"line":14,"column":3}},{"start":{"line":8,"column":2},"end":{"line":14,"column":3}}]},"3":{"loc":{"start":{"line":8,"column":6},"end":{"line":8,"column":38}},"type":"binary-expr","locations":[{"start":{"line":8,"column":6},"end":{"line":8,"column":20}},{"start":{"line":8,"column":24},"end":{"line":8,"column":38}}]}},"s":{"0":9,"1":9,"2":1,"3":1,"4":1,"5":8,"6":9},"f":{"0":9},"b":{"0":[0],"1":[0],"2":[1,8],"3":[9,8]},"hash":"a146eaff20298f2af294470a2117c60c9d2ea48e"}
,"D:\dev\polynomic\src\transforms\rotate\index.js": {"path":"D:\\dev\\polynomic\\src\\transforms\\rotate\\index.js","statementMap":{"0":{"start":{"line":5,"column":2},"end":{"line":7,"column":3}},"1":{"start":{"line":6,"column":4},"end":{"line":6,"column":37}},"2":{"start":{"line":9,"column":2},"end":{"line":13,"column":10}}},"fnMap":{"0":{"name":"rotate","decl":{"start":{"line":4,"column":24},"end":{"line":4,"column":30}},"loc":{"start":{"line":4,"column":58},"end":{"line":14,"column":1}}}},"branchMap":{"0":{"loc":{"start":{"line":4,"column":44},"end":{"line":4,"column":49}},"type":"default-arg","locations":[{"start":{"line":4,"column":48},"end":{"line":4,"column":49}}]},"1":{"loc":{"start":{"line":4,"column":51},"end":{"line":4,"column":56}},"type":"default-arg","locations":[{"start":{"line":4,"column":55},"end":{"line":4,"column":56}}]},"2":{"loc":{"start":{"line":5,"column":2},"end":{"line":7,"column":3}},"type":"if","locations":[{"start":{"line":5,"column":2},"end":{"line":7,"column":3}},{"start":{"line":5,"column":2},"end":{"line":7,"column":3}}]}},"s":{"0":3,"1":1,"2":3},"f":{"0":3},"b":{"0":[2],"1":[2],"2":[1,2]},"hash":"f3ffe5a0e0f13114499501f960bfbfb04d92980c"}
,"D:\dev\polynomic\src\transforms\scale\index.js": {"path":"D:\\dev\\polynomic\\src\\transforms\\scale\\index.js","statementMap":{"0":{"start":{"line":5,"column":2},"end":{"line":7,"column":3}},"1":{"start":{"line":6,"column":4},"end":{"line":6,"column":11}},"2":{"start":{"line":9,"column":2},"end":{"line":13,"column":10}}},"fnMap":{"0":{"name":"scale","decl":{"start":{"line":3,"column":24},"end":{"line":3,"column":29}},"loc":{"start":{"line":3,"column":58},"end":{"line":14,"column":1}}}},"branchMap":{"0":{"loc":{"start":{"line":3,"column":44},"end":{"line":3,"column":49}},"type":"default-arg","locations":[{"start":{"line":3,"column":48},"end":{"line":3,"column":49}}]},"1":{"loc":{"start":{"line":3,"column":51},"end":{"line":3,"column":56}},"type":"default-arg","locations":[{"start":{"line":3,"column":55},"end":{"line":3,"column":56}}]},"2":{"loc":{"start":{"line":5,"column":2},"end":{"line":7,"column":3}},"type":"if","locations":[{"start":{"line":5,"column":2},"end":{"line":7,"column":3}},{"start":{"line":5,"column":2},"end":{"line":7,"column":3}}]}},"s":{"0":3,"1":0,"2":3},"f":{"0":3},"b":{"0":[3],"1":[3],"2":[0,3]},"hash":"9efa334396b403e2f1a8fa4ad9627736f2d01f6b"}
,"D:\dev\polynomic\src\transforms\skew\index.js": {"path":"D:\\dev\\polynomic\\src\\transforms\\skew\\index.js","statementMap":{"0":{"start":{"line":5,"column":2},"end":{"line":7,"column":3}},"1":{"start":{"line":6,"column":4},"end":{"line":6,"column":19}},"2":{"start":{"line":9,"column":2},"end":{"line":11,"column":3}},"3":{"start":{"line":10,"column":4},"end":{"line":10,"column":39}},"4":{"start":{"line":13,"column":2},"end":{"line":15,"column":3}},"5":{"start":{"line":14,"column":4},"end":{"line":14,"column":39}},"6":{"start":{"line":17,"column":2},"end":{"line":21,"column":10}}},"fnMap":{"0":{"name":"skew","decl":{"start":{"line":4,"column":24},"end":{"line":4,"column":28}},"loc":{"start":{"line":4,"column":65},"end":{"line":22,"column":1}}}},"branchMap":{"0":{"loc":{"start":{"line":4,"column":51},"end":{"line":4,"column":56}},"type":"default-arg","locations":[{"start":{"line":4,"column":55},"end":{"line":4,"column":56}}]},"1":{"loc":{"start":{"line":4,"column":58},"end":{"line":4,"column":63}},"type":"default-arg","locations":[{"start":{"line":4,"column":62},"end":{"line":4,"column":63}}]},"2":{"loc":{"start":{"line":5,"column":2},"end":{"line":7,"column":3}},"type":"if","locations":[{"start":{"line":5,"column":2},"end":{"line":7,"column":3}},{"start":{"line":5,"column":2},"end":{"line":7,"column":3}}]},"3":{"loc":{"start":{"line":9,"column":2},"end":{"line":11,"column":3}},"type":"if","locations":[{"start":{"line":9,"column":2},"end":{"line":11,"column":3}},{"start":{"line":9,"column":2},"end":{"line":11,"column":3}}]},"4":{"loc":{"start":{"line":13,"column":2},"end":{"line":15,"column":3}},"type":"if","locations":[{"start":{"line":13,"column":2},"end":{"line":15,"column":3}},{"start":{"line":13,"column":2},"end":{"line":15,"column":3}}]}},"s":{"0":3,"1":0,"2":3,"3":0,"4":3,"5":0,"6":3},"f":{"0":3},"b":{"0":[3],"1":[3],"2":[0,3],"3":[0,3],"4":[0,3]},"hash":"99669a75f6b7c33dc06e709cd050b03893387340"}
,"D:\dev\polynomic\src\transforms\translate\index.js": {"path":"D:\\dev\\polynomic\\src\\transforms\\translate\\index.js","statementMap":{"0":{"start":{"line":5,"column":17},"end":{"line":5,"column":45}},"1":{"start":{"line":7,"column":2},"end":{"line":11,"column":4}}},"fnMap":{"0":{"name":"translate","decl":{"start":{"line":4,"column":24},"end":{"line":4,"column":33}},"loc":{"start":{"line":4,"column":48},"end":{"line":12,"column":1}}}},"branchMap":{},"s":{"0":6,"1":6},"f":{"0":6},"b":{},"hash":"0c1daa9ac555279d1fd247fd958b5417ca5ae8cd"}
,"D:\dev\polynomic\src\utils\index.js": {"path":"D:\\dev\\polynomic\\src\\utils\\index.js","statementMap":{"0":{"start":{"line":4,"column":18},"end":{"line":10,"column":1}},"1":{"start":{"line":13,"column":2},"end":{"line":13,"column":21}},"2":{"start":{"line":14,"column":2},"end":{"line":14,"column":78}},"3":{"start":{"line":16,"column":2},"end":{"line":16,"column":42}},"4":{"start":{"line":20,"column":2},"end":{"line":20,"column":21}},"5":{"start":{"line":21,"column":2},"end":{"line":21,"column":78}},"6":{"start":{"line":23,"column":2},"end":{"line":23,"column":43}},"7":{"start":{"line":27,"column":2},"end":{"line":27,"column":41}},"8":{"start":{"line":31,"column":2},"end":{"line":41,"column":3}},"9":{"start":{"line":32,"column":17},"end":{"line":32,"column":34}},"10":{"start":{"line":34,"column":4},"end":{"line":36,"column":5}},"11":{"start":{"line":35,"column":6},"end":{"line":35,"column":38}},"12":{"start":{"line":38,"column":4},"end":{"line":40,"column":5}},"13":{"start":{"line":39,"column":6},"end":{"line":39,"column":38}},"14":{"start":{"line":43,"column":2},"end":{"line":43,"column":17}},"15":{"start":{"line":47,"column":2},"end":{"line":47,"column":43}},"16":{"start":{"line":51,"column":2},"end":{"line":51,"column":30}}},"fnMap":{"0":{"name":"relativeToAbsoluteX","decl":{"start":{"line":12,"column":9},"end":{"line":12,"column":28}},"loc":{"start":{"line":12,"column":38},"end":{"line":17,"column":1}}},"1":{"name":"relativeToAbsoluteY","decl":{"start":{"line":19,"column":9},"end":{"line":19,"column":28}},"loc":{"start":{"line":19,"column":38},"end":{"line":24,"column":1}}},"2":{"name":"parseRelative","decl":{"start":{"line":26,"column":9},"end":{"line":26,"column":22}},"loc":{"start":{"line":26,"column":28},"end":{"line":28,"column":1}}},"3":{"name":"absoluteCoords","decl":{"start":{"line":30,"column":16},"end":{"line":30,"column":30}},"loc":{"start":{"line":30,"column":43},"end":{"line":44,"column":1}}},"4":{"name":"parseDeg","decl":{"start":{"line":46,"column":16},"end":{"line":46,"column":24}},"loc":{"start":{"line":46,"column":30},"end":{"line":48,"column":1}}},"5":{"name":"degToRad","decl":{"start":{"line":50,"column":16},"end":{"line":50,"column":24}},"loc":{"start":{"line":50,"column":30},"end":{"line":52,"column":1}}}},"branchMap":{"0":{"loc":{"start":{"line":14,"column":6},"end":{"line":14,"column":78}},"type":"cond-expr","locations":[{"start":{"line":14,"column":47},"end":{"line":14,"column":59}},{"start":{"line":14,"column":62},"end":{"line":14,"column":78}}]},"1":{"loc":{"start":{"line":21,"column":6},"end":{"line":21,"column":78}},"type":"cond-expr","locations":[{"start":{"line":21,"column":47},"end":{"line":21,"column":59}},{"start":{"line":21,"column":62},"end":{"line":21,"column":78}}]},"2":{"loc":{"start":{"line":31,"column":2},"end":{"line":41,"column":3}},"type":"if","locations":[{"start":{"line":31,"column":2},"end":{"line":41,"column":3}},{"start":{"line":31,"column":2},"end":{"line":41,"column":3}}]},"3":{"loc":{"start":{"line":31,"column":6},"end":{"line":31,"column":52}},"type":"binary-expr","locations":[{"start":{"line":31,"column":6},"end":{"line":31,"column":27}},{"start":{"line":31,"column":31},"end":{"line":31,"column":52}}]},"4":{"loc":{"start":{"line":34,"column":4},"end":{"line":36,"column":5}},"type":"if","locations":[{"start":{"line":34,"column":4},"end":{"line":36,"column":5}},{"start":{"line":34,"column":4},"end":{"line":36,"column":5}}]},"5":{"loc":{"start":{"line":38,"column":4},"end":{"line":40,"column":5}},"type":"if","locations":[{"start":{"line":38,"column":4},"end":{"line":40,"column":5}},{"start":{"line":38,"column":4},"end":{"line":40,"column":5}}]}},"s":{"0":5,"1":2,"2":2,"3":2,"4":1,"5":1,"6":1,"7":3,"8":15,"9":2,"10":2,"11":2,"12":2,"13":1,"14":15,"15":1,"16":1},"f":{"0":2,"1":1,"2":3,"3":15,"4":1,"5":1},"b":{"0":[0,2],"1":[0,1],"2":[2,13],"3":[15,13],"4":[2,0],"5":[1,1]},"hash":"8d68fb8e7698aa0d8d3265442d62824218427c6e"}
}
