TN:
SF:D:\dev\polynomic\src\path\bounding-box\index.js
FN:5,boundingBox
FN:38,cubicBoundingBox
FN:55,getMinMax
FN:105,cubic
FNF:4
FNH:3
FNDA:2,boundingBox
FNDA:3,cubicBoundingBox
FNDA:6,getMinMax
FNDA:0,cubic
DA:6,2
DA:7,2
DA:8,2
DA:10,2
DA:11,5
DA:12,5
DA:14,5
DA:15,2
DA:16,2
DA:18,3
DA:20,3
DA:21,3
DA:25,2
DA:26,2
DA:27,2
DA:28,2
DA:30,2
DA:39,3
DA:40,3
DA:41,3
DA:42,3
DA:44,3
DA:45,3
DA:47,3
DA:56,6
DA:57,6
DA:58,6
DA:59,6
DA:61,6
DA:62,6
DA:64,6
DA:65,0
DA:68,6
DA:69,3
DA:72,6
DA:73,6
DA:75,6
DA:76,0
DA:78,0
DA:79,0
DA:82,0
DA:83,0
DA:87,6
DA:89,6
DA:90,0
DA:92,0
DA:93,0
DA:96,0
DA:97,0
DA:102,6
DA:106,0
LF:51
LH:39
BRDA:12,0,0,5
BRDA:12,0,1,3
BRDA:14,1,0,2
BRDA:14,1,1,3
BRDA:14,2,0,5
BRDA:14,2,1,3
BRDA:64,3,0,0
BRDA:64,3,1,6
BRDA:68,4,0,3
BRDA:68,4,1,3
BRDA:72,5,0,6
BRDA:72,5,1,0
BRDA:75,6,0,0
BRDA:75,6,1,6
BRDA:75,7,0,6
BRDA:75,7,1,0
BRDA:78,8,0,0
BRDA:78,8,1,0
BRDA:82,9,0,0
BRDA:82,9,1,0
BRDA:89,10,0,0
BRDA:89,10,1,6
BRDA:89,11,0,6
BRDA:89,11,1,3
BRDA:92,12,0,0
BRDA:92,12,1,0
BRDA:96,13,0,0
BRDA:96,13,1,0
BRF:28
BRH:15
end_of_record
TN:
SF:D:\dev\polynomic\src\path\clean\index.js
FN:19,clean
FN:37,simplifyClosures
FN:40,(anonymous_2)
FN:53,shouldSimplifyClosure
FN:72,removeConsecutiveSamePoints
FN:74,(anonymous_5)
FNF:6
FNH:6
FNDA:1,clean
FNDA:1,simplifyClosures
FNDA:5,(anonymous_2)
FNDA:5,shouldSimplifyClosure
FNDA:1,removeConsecutiveSamePoints
FNDA:6,(anonymous_5)
DA:20,1
DA:40,1
DA:41,5
DA:42,1
DA:45,5
DA:46,1
DA:49,4
DA:54,5
DA:73,1
DA:75,6
DA:77,6
DA:78,1
DA:81,5
LF:13
LH:13
BRDA:41,0,0,1
BRDA:41,0,1,4
BRDA:45,1,0,1
BRDA:45,1,1,4
BRDA:54,2,0,5
BRDA:54,2,1,3
BRDA:54,2,2,2
BRDA:54,2,3,4
BRDA:54,2,4,1
BRDA:75,3,0,6
BRDA:75,3,1,5
BRDA:77,4,0,1
BRDA:77,4,1,5
BRDA:77,5,0,6
BRDA:77,5,1,5
BRDA:77,5,2,2
BRF:16
BRH:16
end_of_record
TN:
SF:D:\dev\polynomic\src\path\combine\index.js
FN:21,combine
FN:23,(anonymous_1)
FNF:2
FNH:2
FNDA:1,combine
FNDA:8,(anonymous_1)
DA:22,1
DA:24,8
DA:25,1
DA:33,7
DA:34,2
DA:35,1
DA:43,1
DA:46,5
LF:8
LH:8
BRDA:24,0,0,1
BRDA:24,0,1,7
BRDA:24,1,0,8
BRDA:24,1,1,7
BRDA:27,2,0,1
BRDA:27,2,1,0
BRDA:33,3,0,2
BRDA:33,3,1,5
BRDA:34,4,0,1
BRDA:34,4,1,1
BRDA:37,5,0,1
BRDA:37,5,1,0
BRF:12
BRH:10
end_of_record
TN:
SF:D:\dev\polynomic\src\path\ensure-move-to\index.js
FN:16,ensureMoveTo
FN:17,(anonymous_1)
FNF:2
FNH:2
FNDA:4,ensureMoveTo
FNDA:12,(anonymous_1)
DA:17,4
DA:18,12
DA:19,2
DA:24,10
DA:25,0
DA:27,0
DA:32,10
LF:7
LH:5
BRDA:18,0,0,2
BRDA:18,0,1,10
BRDA:18,1,0,12
BRDA:18,1,1,4
BRDA:19,2,0,0
BRDA:19,2,1,2
BRDA:24,3,0,0
BRDA:24,3,1,10
BRDA:24,4,0,10
BRDA:24,4,1,8
BRDA:24,4,2,0
BRDA:27,5,0,0
BRDA:27,5,1,0
BRF:13
BRH:8
end_of_record
TN:
SF:D:\dev\polynomic\src\path\is-equal\index.js
FN:4,isEqual
FNF:1
FNH:1
FNDA:31,isEqual
DA:5,31
DA:6,9
DA:7,22
DA:8,0
DA:11,31
DA:12,30
DA:13,1
DA:14,0
DA:17,31
LF:9
LH:7
BRDA:5,0,0,9
BRDA:5,0,1,22
BRDA:7,1,0,0
BRDA:7,1,1,22
BRDA:11,2,0,30
BRDA:11,2,1,1
BRDA:13,3,0,0
BRDA:13,3,1,1
BRF:8
BRH:6
end_of_record
TN:
SF:D:\dev\polynomic\src\path\join\index.js
FN:24,join
FN:26,(anonymous_1)
FNF:2
FNH:2
FNDA:2,join
FNDA:6,(anonymous_1)
DA:25,2
DA:27,6
DA:28,3
DA:30,3
DA:37,3
LF:5
LH:5
BRDA:24,0,0,1
BRDA:27,1,0,3
BRDA:27,1,1,3
BRDA:33,2,0,3
BRDA:33,2,1,3
BRF:5
BRH:5
end_of_record
TN:
SF:D:\dev\polynomic\src\path\reverse\index.js
FN:5,reverse
FN:52,reverseAnchors
FN:62,reverseArc
FNF:3
FNH:3
FNDA:3,reverse
FNDA:3,reverseAnchors
FNDA:1,reverseArc
DA:6,3
DA:9,3
DA:10,26
DA:11,26
DA:13,26
DA:14,4
DA:17,26
DA:21,26
DA:22,2
DA:23,2
DA:24,2
DA:27,26
DA:28,26
DA:30,26
DA:31,3
DA:34,26
DA:35,2
DA:38,26
DA:39,3
DA:42,26
DA:43,1
DA:46,26
DA:49,3
DA:53,3
DA:63,1
LF:25
LH:25
BRDA:13,0,0,4
BRDA:13,0,1,22
BRDA:17,1,0,21
BRDA:17,1,1,5
BRDA:17,2,0,26
BRDA:17,2,1,23
BRDA:21,3,0,2
BRDA:21,3,1,24
BRDA:30,4,0,3
BRDA:30,4,1,23
BRDA:31,5,0,0
BRDA:31,5,1,3
BRDA:34,6,0,2
BRDA:34,6,1,24
BRDA:35,7,0,0
BRDA:35,7,1,2
BRDA:38,8,0,3
BRDA:38,8,1,23
BRDA:38,9,0,26
BRDA:38,9,1,25
BRDA:42,10,0,1
BRDA:42,10,1,25
BRF:22
BRH:20
end_of_record
TN:
SF:D:\dev\polynomic\src\path\simplify\index.js
FN:3,simplify
FNF:1
FNH:1
FNDA:4,simplify
DA:4,4
DA:5,4
DA:7,4
DA:8,2
DA:9,2
DA:11,2
DA:12,2
DA:13,2
DA:17,4
DA:18,1
DA:19,1
DA:21,1
DA:27,3
LF:13
LH:13
BRDA:11,0,0,2
BRDA:11,0,1,0
BRDA:17,1,0,1
BRDA:17,1,1,3
BRF:4
BRH:3
end_of_record
TN:
SF:D:\dev\polynomic\src\path\split\index.js
FN:1,split
FN:7,(anonymous_1)
FNF:2
FNH:2
FNDA:1,split
FNDA:11,(anonymous_1)
DA:2,1
DA:3,1
DA:6,1
DA:8,11
DA:9,3
DA:15,8
DA:20,8
LF:7
LH:7
BRDA:1,0,0,1
BRDA:2,1,0,1
BRDA:2,1,1,0
BRDA:8,2,0,3
BRDA:8,2,1,8
BRDA:8,3,0,11
BRDA:8,3,1,9
BRDA:11,4,0,1
BRDA:11,4,1,2
BRDA:11,5,0,3
BRDA:11,5,1,3
BRF:11
BRH:10
end_of_record
TN:
SF:D:\dev\polynomic\src\path\to-cubic\index.js
FN:3,toCubic
FN:5,(anonymous_1)
FNF:2
FNH:2
FNDA:3,toCubic
FNDA:8,(anonymous_1)
DA:4,3
DA:6,8
DA:7,8
DA:9,8
LF:4
LH:4
BRDA:6,0,0,8
BRDA:6,0,1,5
BRDA:11,1,0,0
BRDA:11,1,1,8
BRF:4
BRH:3
end_of_record
TN:
SF:D:\dev\polynomic\src\pathstring\build\index.js
FN:94,r
FN:108,build
FN:110,(anonymous_2)
FNF:3
FNH:3
FNDA:88,r
FNDA:8,build
FNDA:37,(anonymous_2)
DA:12,3
DA:14,2
DA:18,8
DA:22,2
DA:26,11
DA:30,0
DA:34,0
DA:38,0
DA:42,0
DA:46,0
DA:50,2
DA:54,2
DA:58,0
DA:62,2
DA:66,0
DA:70,2
DA:74,0
DA:78,2
DA:82,0
DA:86,2
DA:90,2
DA:95,88
DA:96,88
DA:109,8
DA:110,37
LF:25
LH:16
BRDA:94,0,0,88
BRDA:110,1,0,29
BRDA:110,1,1,8
BRF:3
BRH:3
end_of_record
TN:
SF:D:\dev\polynomic\src\pathstring\is-valid\index.js
FN:4,isValid
FN:10,checkFirstM
FN:14,checkParametersNumber
FN:16,(anonymous_3)
FN:22,noInvalidCharacters
FNF:5
FNH:5
FNDA:8,isValid
FNDA:8,checkFirstM
FNDA:6,checkParametersNumber
FNDA:19,(anonymous_3)
FNDA:4,noInvalidCharacters
DA:5,8
DA:11,8
DA:15,6
DA:17,19
DA:23,4
LF:5
LH:5
BRDA:5,0,0,8
BRDA:5,0,1,6
BRDA:5,0,2,4
BRDA:17,1,0,19
BRDA:17,1,1,19
BRF:5
BRH:5
end_of_record
TN:
SF:D:\dev\polynomic\src\pathstring\parse\index.js
FN:16,parse
FN:31,buildPointList
FN:35,(anonymous_2)
FN:49,(anonymous_3)
FN:65,chunks
FNF:5
FNH:5
FNDA:75,parse
FNDA:75,buildPointList
FNDA:309,(anonymous_2)
FNDA:287,(anonymous_3)
FNDA:286,chunks
DA:17,75
DA:34,75
DA:36,309
DA:39,309
DA:40,235
DA:43,309
DA:44,84
DA:47,309
DA:48,286
DA:49,287
DA:51,23
DA:54,309
DA:66,286
DA:68,286
DA:69,287
DA:71,287
DA:72,287
DA:76,286
LF:18
LH:18
BRDA:39,0,0,235
BRDA:39,0,1,74
BRDA:43,1,0,84
BRDA:43,1,1,225
BRDA:43,2,0,309
BRDA:43,2,1,235
BRDA:47,3,0,286
BRDA:47,3,1,23
BRDA:71,4,0,287
BRDA:71,4,1,0
BRF:10
BRH:9
end_of_record
TN:
SF:D:\dev\polynomic\src\pathstring\segments\index.js
FN:6,segments
FN:18,isStringNotEmpty
FN:22,convertNumberLikeInActualNumber
FN:27,splitSegment
FNF:4
FNH:4
FNDA:82,segments
FNDA:3278,isStringNotEmpty
FNDA:1091,convertNumberLikeInActualNumber
FNDA:338,splitSegment
DA:7,82
DA:19,3278
DA:23,1091
DA:24,1091
DA:28,338
LF:5
LH:5
BRDA:24,0,0,338
BRDA:24,0,1,753
BRF:2
BRH:2
end_of_record
TN:
SF:D:\dev\polynomic\src\point\arc-to-cubic\index.js
FN:5,arcToCubic
FNF:1
FNH:0
FNDA:0,arcToCubic
DA:6,0
DA:9,0
DA:10,0
DA:11,0
DA:12,0
DA:13,0
DA:14,0
DA:16,0
DA:17,0
DA:19,0
DA:20,0
DA:21,0
DA:22,0
DA:23,0
DA:25,0
DA:26,0
DA:28,0
DA:29,0
DA:30,0
DA:31,0
DA:33,0
DA:34,0
DA:35,0
DA:36,0
DA:38,0
DA:39,0
DA:40,0
DA:42,0
DA:43,0
DA:44,0
DA:45,0
DA:48,0
DA:49,0
DA:51,0
DA:52,0
DA:54,0
DA:55,0
DA:57,0
DA:58,0
DA:60,0
DA:61,0
DA:64,0
DA:65,0
DA:68,0
DA:69,0
DA:72,0
DA:73,0
DA:76,0
DA:77,0
DA:80,0
DA:81,0
DA:85,0
DA:86,0
DA:87,0
DA:89,0
DA:90,0
DA:91,0
DA:93,0
DA:95,0
DA:98,0
DA:99,0
DA:100,0
DA:102,0
DA:103,0
DA:104,0
DA:105,0
DA:107,0
DA:108,0
DA:110,0
DA:114,0
DA:115,0
DA:118,0
LF:72
LH:0
BRDA:5,0,0,0
BRDA:19,1,0,0
BRDA:19,1,1,0
BRDA:42,2,0,0
BRDA:42,2,1,0
BRDA:51,3,0,0
BRDA:51,3,1,0
BRDA:60,4,0,0
BRDA:60,4,1,0
BRDA:64,5,0,0
BRDA:64,5,1,0
BRDA:68,6,0,0
BRDA:68,6,1,0
BRDA:72,7,0,0
BRDA:72,7,1,0
BRDA:76,8,0,0
BRDA:76,8,1,0
BRDA:76,9,0,0
BRDA:76,9,1,0
BRDA:80,10,0,0
BRDA:80,10,1,0
BRDA:80,11,0,0
BRDA:80,11,1,0
BRDA:85,12,0,0
BRDA:85,12,1,0
BRDA:89,13,0,0
BRDA:89,13,1,0
BRDA:89,14,0,0
BRDA:89,14,1,0
BRDA:110,15,0,0
BRDA:110,15,1,0
BRDA:114,16,0,0
BRDA:114,16,1,0
BRF:33
BRH:0
end_of_record
TN:
SF:D:\dev\polynomic\src\point\distance\index.js
FN:3,distance
FNF:1
FNH:1
FNDA:1,distance
DA:4,1
LF:1
LH:1
BRF:0
BRH:0
end_of_record
TN:
SF:D:\dev\polynomic\src\point\distance-segment\index.js
FN:4,distanceSegment
FN:8,squareDistanceSegment
FNF:2
FNH:2
FNDA:3,distanceSegment
FNDA:3,squareDistanceSegment
DA:5,3
DA:9,3
DA:11,3
DA:12,0
DA:15,3
DA:16,3
DA:18,3
LF:7
LH:6
BRDA:11,0,0,0
BRDA:11,0,1,3
BRF:2
BRH:1
end_of_record
TN:
SF:D:\dev\polynomic\src\point\is\index.js
FN:3,is
FN:7,isM
FN:11,isL
FN:15,isH
FN:19,isV
FN:23,isQ
FN:27,isT
FN:31,isC
FN:35,isS
FN:39,isA
FN:43,isZ
FNF:11
FNH:11
FNDA:623,is
FNDA:283,isM
FNDA:13,isL
FNDA:49,isH
FNDA:48,isV
FNDA:13,isQ
FNDA:31,isT
FNDA:34,isC
FNDA:52,isS
FNDA:29,isA
FNDA:71,isZ
DA:4,623
DA:8,283
DA:12,13
DA:16,49
DA:20,48
DA:24,13
DA:28,31
DA:32,34
DA:36,52
DA:40,29
DA:44,71
LF:11
LH:11
BRF:0
BRH:0
end_of_record
TN:
SF:D:\dev\polynomic\src\point\is-inside\index.js
FN:1,isInside
FNF:1
FNH:1
FNDA:2,isInside
DA:2,2
DA:4,2
DA:5,8
DA:6,8
DA:7,8
DA:8,8
DA:9,8
DA:11,8
DA:12,1
DA:15,8
DA:18,2
LF:11
LH:11
BRDA:11,0,0,1
BRDA:11,0,1,7
BRDA:11,1,0,8
BRDA:11,1,1,4
BRF:4
BRH:4
end_of_record
TN:
SF:D:\dev\polynomic\src\point\is-relative\index.js
FN:1,isRelative
FNF:1
FNH:1
FNDA:16,isRelative
DA:2,16
LF:1
LH:1
BRF:0
BRH:0
end_of_record
TN:
SF:D:\dev\polynomic\src\point\line-to-cubic\index.js
FN:4,lineToCubic
FNF:1
FNH:1
FNDA:5,lineToCubic
DA:5,5
LF:1
LH:1
BRDA:5,0,0,0
BRDA:5,0,1,5
BRF:2
BRH:1
end_of_record
TN:
SF:D:\dev\polynomic\src\point\min-max\index.js
FN:3,min
FN:7,max
FNF:2
FNH:2
FNDA:1,min
FNDA:1,max
DA:4,1
DA:8,1
LF:2
LH:2
BRF:0
BRH:0
end_of_record
TN:
SF:D:\dev\polynomic\src\point\points\index.js
FN:4,Point
FN:15,m
FN:19,M
FN:23,l
FN:27,L
FN:31,h
FN:35,H
FN:39,v
FN:43,V
FN:47,q
FN:54,Q
FN:61,t
FN:77,T
FN:93,c
FN:102,C
FN:111,s
FN:130,S
FN:149,a
FN:159,A
FN:169,z
FN:173,Z
FNF:21
FNH:20
FNDA:470,Point
FNDA:10,m
FNDA:98,M
FNDA:24,l
FNDA:96,L
FNDA:10,h
FNDA:6,H
FNDA:10,v
FNDA:6,V
FNDA:0,q
FNDA:27,Q
FNDA:6,t
FNDA:3,T
FNDA:4,c
FNDA:14,C
FNDA:6,s
FNDA:2,S
FNDA:4,a
FNDA:2,A
FNDA:28,z
FNDA:4,Z
DA:5,470
DA:13,22
DA:16,10
DA:20,98
DA:24,24
DA:28,96
DA:32,10
DA:36,6
DA:40,10
DA:44,6
DA:48,0
DA:55,27
DA:62,6
DA:67,6
DA:68,6
DA:74,6
DA:78,3
DA:83,3
DA:84,2
DA:90,3
DA:94,4
DA:103,14
DA:112,6
DA:119,6
DA:120,6
DA:127,6
DA:131,2
DA:138,2
DA:139,1
DA:146,2
DA:150,4
DA:160,2
DA:170,28
DA:174,4
LF:34
LH:33
BRDA:4,0,0,333
BRDA:15,1,0,2
BRDA:23,2,0,1
BRDA:31,3,0,0
BRDA:35,4,0,0
BRDA:39,5,0,0
BRDA:43,6,0,0
BRDA:47,7,0,0
BRDA:61,8,0,0
BRDA:67,9,0,6
BRDA:67,9,1,0
BRDA:67,10,0,6
BRDA:67,10,1,0
BRDA:77,11,0,0
BRDA:83,12,0,2
BRDA:83,12,1,1
BRDA:83,13,0,3
BRDA:83,13,1,2
BRDA:93,14,0,0
BRDA:111,15,0,0
BRDA:119,16,0,6
BRDA:119,16,1,0
BRDA:119,17,0,6
BRDA:119,17,1,0
BRDA:130,18,0,0
BRDA:138,19,0,1
BRDA:138,19,1,1
BRDA:138,20,0,2
BRDA:138,20,1,1
BRDA:149,21,0,0
BRDA:169,22,0,0
BRDA:173,23,0,0
BRF:32
BRH:15
end_of_record
TN:
SF:D:\dev\polynomic\src\point\points\types.js
FNF:0
FNH:0
DA:1,22
DA:2,22
DA:3,22
DA:4,22
DA:5,22
DA:6,22
DA:7,22
DA:8,22
DA:9,22
DA:10,22
DA:11,22
DA:12,22
DA:13,22
DA:14,22
DA:15,22
DA:16,22
DA:17,22
DA:18,22
DA:19,22
DA:20,22
LF:20
LH:20
BRF:0
BRH:0
end_of_record
TN:
SF:D:\dev\polynomic\src\point\quadratic-to-cubic\index.js
FN:4,quadraticToCubic
FNF:1
FNH:0
FNDA:0,quadraticToCubic
DA:5,0
DA:6,0
DA:7,0
DA:8,0
DA:10,0
LF:5
LH:0
BRDA:10,0,0,0
BRDA:10,0,1,0
BRF:2
BRH:0
end_of_record
TN:
SF:D:\dev\polynomic\src\point\square-distance\index.js
FN:1,squareDistance
FNF:1
FNH:1
FNDA:7,squareDistance
DA:2,7
LF:1
LH:1
BRF:0
BRH:0
end_of_record
TN:
SF:D:\dev\polynomic\src\point\to-cubic\index.js
FN:6,toCubic
FNF:1
FNH:1
FNDA:8,toCubic
DA:7,8
DA:8,5
DA:11,3
DA:12,0
DA:15,3
DA:16,0
DA:19,3
LF:7
LH:5
BRDA:7,0,0,5
BRDA:7,0,1,3
BRDA:7,1,0,8
BRDA:7,1,1,3
BRDA:7,1,2,3
BRDA:11,2,0,0
BRDA:11,2,1,3
BRDA:11,3,0,3
BRDA:11,3,1,3
BRDA:15,4,0,0
BRDA:15,4,1,3
BRF:11
BRH:9
end_of_record
TN:
SF:D:\dev\polynomic\src\transforms\matrix\index.js
FN:5,matrix
FN:8,(anonymous_1)
FN:58,multiply3x1
FNF:3
FNH:3
FNDA:16,matrix
FNDA:43,(anonymous_1)
FNDA:50,multiply3x1
DA:6,16
DA:8,16
DA:9,43
DA:11,43
DA:12,43
DA:13,43
DA:14,43
DA:15,43
DA:16,43
DA:19,43
DA:22,43
DA:24,43
DA:28,0
DA:34,43
DA:35,7
DA:38,43
DA:39,0
DA:42,43
DA:52,43
DA:54,43
DA:59,50
DA:60,50
DA:61,50
DA:62,50
DA:63,50
DA:64,50
DA:65,50
DA:66,50
DA:67,50
DA:68,50
DA:69,50
DA:70,50
DA:72,50
LF:33
LH:31
BRDA:9,0,0,43
BRDA:9,0,1,27
BRDA:11,1,0,43
BRDA:11,1,1,0
BRDA:12,2,0,43
BRDA:12,2,1,0
BRDA:13,3,0,43
BRDA:13,3,1,7
BRDA:14,4,0,43
BRDA:14,4,1,7
BRDA:15,5,0,43
BRDA:15,5,1,0
BRDA:16,6,0,43
BRDA:16,6,1,0
BRDA:24,7,0,0
BRDA:24,7,1,43
BRDA:25,8,0,43
BRDA:25,8,1,0
BRDA:25,8,2,43
BRDA:25,8,3,0
BRDA:28,9,0,0
BRDA:28,9,1,0
BRDA:34,10,0,7
BRDA:34,10,1,36
BRDA:34,11,0,43
BRDA:34,11,1,7
BRDA:38,12,0,0
BRDA:38,12,1,43
BRDA:38,13,0,43
BRDA:38,13,1,0
BRDA:44,14,0,43
BRDA:44,14,1,7
BRDA:45,15,0,43
BRDA:45,15,1,7
BRDA:46,16,0,43
BRDA:46,16,1,0
BRDA:47,17,0,43
BRDA:47,17,1,0
BRF:38
BRH:25
end_of_record
TN:
SF:D:\dev\polynomic\src\transforms\matrix-origin\index.js
FN:5,matrixOrigin
FNF:1
FNH:1
FNDA:9,matrixOrigin
DA:6,9
DA:8,9
DA:9,1
DA:10,1
DA:11,1
DA:13,8
DA:16,9
LF:7
LH:7
BRDA:5,0,0,0
BRDA:5,1,0,0
BRDA:8,2,0,1
BRDA:8,2,1,8
BRDA:8,3,0,9
BRDA:8,3,1,8
BRF:6
BRH:4
end_of_record
TN:
SF:D:\dev\polynomic\src\transforms\rotate\index.js
FN:4,rotate
FNF:1
FNH:1
FNDA:3,rotate
DA:5,3
DA:6,1
DA:9,3
LF:3
LH:3
BRDA:4,0,0,2
BRDA:4,1,0,2
BRDA:5,2,0,1
BRDA:5,2,1,2
BRF:4
BRH:4
end_of_record
TN:
SF:D:\dev\polynomic\src\transforms\scale\index.js
FN:3,scale
FNF:1
FNH:1
FNDA:3,scale
DA:5,3
DA:6,0
DA:9,3
LF:3
LH:2
BRDA:3,0,0,3
BRDA:3,1,0,3
BRDA:5,2,0,0
BRDA:5,2,1,3
BRF:4
BRH:3
end_of_record
TN:
SF:D:\dev\polynomic\src\transforms\skew\index.js
FN:4,skew
FNF:1
FNH:1
FNDA:3,skew
DA:5,3
DA:6,0
DA:9,3
DA:10,0
DA:13,3
DA:14,0
DA:17,3
LF:7
LH:4
BRDA:4,0,0,3
BRDA:4,1,0,3
BRDA:5,2,0,0
BRDA:5,2,1,3
BRDA:9,3,0,0
BRDA:9,3,1,3
BRDA:13,4,0,0
BRDA:13,4,1,3
BRF:8
BRH:5
end_of_record
TN:
SF:D:\dev\polynomic\src\transforms\translate\index.js
FN:4,translate
FNF:1
FNH:1
FNDA:6,translate
DA:5,6
DA:7,6
LF:2
LH:2
BRF:0
BRH:0
end_of_record
TN:
SF:D:\dev\polynomic\src\utils\index.js
FN:12,relativeToAbsoluteX
FN:19,relativeToAbsoluteY
FN:26,parseRelative
FN:30,absoluteCoords
FN:46,parseDeg
FN:50,degToRad
FNF:6
FNH:6
FNDA:2,relativeToAbsoluteX
FNDA:1,relativeToAbsoluteY
FNDA:3,parseRelative
FNDA:15,absoluteCoords
FNDA:1,parseDeg
FNDA:1,degToRad
DA:4,5
DA:13,2
DA:14,2
DA:16,2
DA:20,1
DA:21,1
DA:23,1
DA:27,3
DA:31,15
DA:32,2
DA:34,2
DA:35,2
DA:38,2
DA:39,1
DA:43,15
DA:47,1
DA:51,1
LF:17
LH:17
BRDA:14,0,0,0
BRDA:14,0,1,2
BRDA:21,1,0,0
BRDA:21,1,1,1
BRDA:31,2,0,2
BRDA:31,2,1,13
BRDA:31,3,0,15
BRDA:31,3,1,13
BRDA:34,4,0,2
BRDA:34,4,1,0
BRDA:38,5,0,1
BRDA:38,5,1,1
BRF:12
BRH:9
end_of_record
